#
# A fatal error has been detected by the Java Runtime Environment:
#
#  EXCEPTION_ACCESS_VIOLATION (0xc0000005) at pc=0x00007ff8bd63c747, pid=14400, tid=18332
#
# JRE version: Java(TM) SE Runtime Environment (18.0.2.1+1) (build 18.0.2.1+1-1)
# Java VM: Java HotSpot(TM) 64-Bit Server VM (18.0.2.1+1-1, mixed mode, sharing, tiered, compressed oops, compressed class ptrs, g1 gc, windows-amd64)
# Problematic frame:
# C  [lwjgl_opengl.dll+0xc747]
#
# No core dump will be written. Minidumps are not enabled by default on client versions of Windows
#
# If you would like to submit a bug report, please visit:
#   https://bugreport.java.com/bugreport/crash.jsp
# The crash happened outside the Java Virtual Machine in native code.
# See problematic frame for where to report the bug.
#

---------------  S U M M A R Y ------------

Command Line: -Dfile.encoding=windows-31j -Duser.country=US -Duser.language=en -Duser.variant Main

Host: 11th Gen Intel(R) Core(TM) i7-1165G7 @ 2.80GHz, 8 cores, 15G,  Windows 11 , 64 bit Build 22621 (10.0.22621.1635)
Time: Tue Jun 13 23:39:56 2023 Tokyo Standard Time elapsed time: 0.165729 seconds (0d 0h 0m 0s)

---------------  T H R E A D  ---------------

Current thread (0x000001e4ffb07a70):  JavaThread "main" [_thread_in_native, id=18332, stack(0x0000007d7e100000,0x0000007d7e200000)]

Stack: [0x0000007d7e100000,0x0000007d7e200000],  sp=0x0000007d7e1ff168,  free space=1020k
Native frames: (J=compiled Java code, j=interpreted, Vv=VM code, C=native code)
C  [lwjgl_opengl.dll+0xc747]

Java frames: (J=compiled Java code, j=interpreted, Vv=VM code)
j  org.lwjgl.opengl.GL11C.nglGetString(I)J+0
j  org.lwjgl.opengl.GL11C.glGetString(I)Ljava/lang/String;+1
j  org.lwjgl.opengl.GL11.glGetString(I)Ljava/lang/String;+1
j  Main.run()V+20
j  Main.main([Ljava/lang/String;)V+7
v  ~StubRoutines::call_stub

siginfo: EXCEPTION_ACCESS_VIOLATION (0xc0000005), reading address 0x0000000000000378


Register to memory mapping:

RIP=0x00007ff8bd63c747 lwjgl_opengl.dll
RAX=0x000001e4a754d500 points into unknown readable memory: 0x0000000000000000 | 00 00 00 00 00 00 00 00
RBX={method} {0x000001e4a34b9820} 'nglGetString' '(I)J' in 'org/lwjgl/opengl/GL11C'
RCX=0x0 is NULL
RDX=0x0000007d7e1ff1f8 is pointing into the stack for thread: 0x000001e4ffb07a70
RSP=0x0000007d7e1ff168 is pointing into the stack for thread: 0x000001e4ffb07a70
RBP=0x0000007d7e1ff1e8 is pointing into the stack for thread: 0x000001e4ffb07a70
RSI=0x000000000000001c is an unknown value
RDI=0x000001e4878794fe is at code_begin+1118 in an Interpreter codelet
return entry points  [0x000001e4878790a0, 0x000001e487879ba0]  2816 bytes
R8 =0x0000000000001f02 is an unknown value
R9 =0x0000000000000002 is an unknown value
R10=0x000001e48787d5f2 is at code_begin+946 in an Interpreter codelet
method entry point (kind = native)  [0x000001e48787d240, 0x000001e48787dbc0]  2432 bytes
R11=0x00000007143a54a8 is an oop: java.lang.Class 
{0x00000007143a54a8} - klass: 'java/lang/Class'
 - ---- fields (total size 116 words):
 - private volatile transient 'classRedefinedCount' 'I' @12  0
 - abstract internal 'klass' 'J' @16  34372410248 (c15b88 8)
 - abstract internal 'array_klass' 'J' @24  0 (0 0)
 - abstract internal 'oop_size' 'I' @32  116 (74)
 - abstract internal 'static_oop_field_count' 'I' @36  0
 - private volatile transient 'cachedConstructor' 'Ljava/lang/reflect/Constructor;' @40  NULL (0)
 - private transient 'name' 'Ljava/lang/String;' @44  "org.lwjgl.opengl.GL11C"{0x00000007143a5858} (e2874b0b)
 - private transient 'module' 'Ljava/lang/Module;' @48  a 'java/lang/Module'{0x000000071470c148} (e28e1829)
 - private final 'classLoader' 'Ljava/lang/ClassLoader;' @52  a 'jdk/internal/loader/ClassLoaders$AppClassLoader'{0x000000071470bf88} (e28e17f1)
 - private transient 'classData' 'Ljava/lang/Object;' @56  NULL (0)
 - private transient 'packageName' 'Ljava/lang/String;' @60  "org.lwjgl.opengl"{0x0000000714443e90} (e28887d2)
 - private final 'componentType' 'Ljava/lang/Class;' @64  NULL (0)
 - private volatile transient 'reflectionData' 'Ljava/lang/ref/SoftReference;' @68  NULL (0)
 - private volatile transient 'genericInfo' 'Lsun/reflect/generics/repository/ClassRepository;' @72  NULL (0)
 - private volatile transient 'enumConstants' '[Ljava/lang/Object;' @76  NULL (0)
 - private volatile transient 'enumConstantDirectory' 'Ljava/util/Map;' @80  NULL (0)
 - private volatile transient 'annotationData' 'Ljava/lang/Class$AnnotationData;' @84  NULL (0)
 - private volatile transient 'annotationType' 'Lsun/reflect/annotation/AnnotationType;' @88  NULL (0)
 - transient 'classValueMap' 'Ljava/lang/ClassValue$ClassValueMap;' @92  NULL (0)
 - abstract internal 'protection_domain' 'Ljava/lang/Object;' @96  a 'java/security/ProtectionDomain'{0x00000007144018d8} (e288031b)
 - abstract internal 'signers_name' 'Ljava/lang/Object;' @100  NULL (0)
 - abstract internal 'source_file' 'Ljava/lang/Object;' @104  NULL (0)
 - signature: Lorg/lwjgl/opengl/GL11C;
 - ---- static fields (0):
 - public static final 'GL_NEVER' 'I' @112  512 (200)
 - public static final 'GL_LESS' 'I' @116  513 (201)
 - public static final 'GL_EQUAL' 'I' @120  514 (202)
 - public static final 'GL_LEQUAL' 'I' @124  515 (203)
 - public static final 'GL_GREATER' 'I' @128  516 (204)
 - public static final 'GL_NOTEQUAL' 'I' @132  517 (205)
 - public static final 'GL_GEQUAL' 'I' @136  518 (206)
 - public static final 'GL_ALWAYS' 'I' @140  519 (207)
 - public static final 'GL_DEPTH_BUFFER_BIT' 'I' @144  256 (100)
 - public static final 'GL_STENCIL_BUFFER_BIT' 'I' @148  1024 (400)
 - public static final 'GL_COLOR_BUFFER_BIT' 'I' @152  16384 (4000)
 - public static final 'GL_POINTS' 'I' @156  0
 - public static final 'GL_LINES' 'I' @160  1
 - public static final 'GL_LINE_LOOP' 'I' @164  2
 - public static final 'GL_LINE_STRIP' 'I' @168  3
 - public static final 'GL_TRIANGLES' 'I' @172  4
 - public static final 'GL_TRIANGLE_STRIP' 'I' @176  5
 - public static final 'GL_TRIANGLE_FAN' 'I' @180  6
 - public static final 'GL_QUADS' 'I' @184  7
 - public static final 'GL_ZERO' 'I' @188  0
 - public static final 'GL_ONE' 'I' @192  1
 - public static final 'GL_SRC_COLOR' 'I' @196  768 (300)
 - public static final 'GL_ONE_MINUS_SRC_COLOR' 'I' @200  769 (301)
 - public static final 'GL_SRC_ALPHA' 'I' @204  770 (302)
 - public static final 'GL_ONE_MINUS_SRC_ALPHA' 'I' @208  771 (303)
 - public static final 'GL_DST_ALPHA' 'I' @212  772 (304)
 - public static final 'GL_ONE_MINUS_DST_ALPHA' 'I' @216  773 (305)
 - public static final 'GL_DST_COLOR' 'I' @220  774 (306)
 - public static final 'GL_ONE_MINUS_DST_COLOR' 'I' @224  775 (307)
 - public static final 'GL_SRC_ALPHA_SATURATE' 'I' @228  776 (308)
 - public static final 'GL_TRUE' 'I' @232  1
 - public static final 'GL_FALSE' 'I' @236  0
 - public static final 'GL_BYTE' 'I' @240  5120 (1400)
 - public static final 'GL_UNSIGNED_BYTE' 'I' @244  5121 (1401)
 - public static final 'GL_SHORT' 'I' @248  5122 (1402)
 - public static final 'GL_UNSIGNED_SHORT' 'I' @252  5123 (1403)
 - public static final 'GL_INT' 'I' @256  5124 (1404)
 - public static final 'GL_UNSIGNED_INT' 'I' @260  5125 (1405)
 - public static final 'GL_FLOAT' 'I' @264  5126 (1406)
 - public static final 'GL_DOUBLE' 'I' @268  5130 (140a)
 - public static final 'GL_NONE' 'I' @272  0
 - public static final 'GL_FRONT_LEFT' 'I' @276  1024 (400)
 - public static final 'GL_FRONT_RIGHT' 'I' @280  1025 (401)
 - public static final 'GL_BACK_LEFT' 'I' @284  1026 (402)
 - public static final 'GL_BACK_RIGHT' 'I' @288  1027 (403)
 - public static final 'GL_FRONT' 'I' @292  1028 (404)
 - public static final 'GL_BACK' 'I' @296  1029 (405)
 - public static final 'GL_LEFT' 'I' @300  1030 (406)
 - public static final 'GL_RIGHT' 'I' @304  1031 (407)
 - public static final 'GL_FRONT_AND_BACK' 'I' @308  1032 (408)
 - public static final 'GL_NO_ERROR' 'I' @312  0
 - public static final 'GL_INVALID_ENUM' 'I' @316  1280 (500)
 - public static final 'GL_INVALID_VALUE' 'I' @320  1281 (501)
 - public static final 'GL_INVALID_OPERATION' 'I' @324  1282 (502)
 - public static final 'GL_STACK_OVERFLOW' 'I' @328  1283 (503)
 - public static final 'GL_STACK_UNDERFLOW' 'I' @332  1284 (504)
 - public static final 'GL_OUT_OF_MEMORY' 'I' @336  1285 (505)
 - public static final 'GL_CW' 'I' @340  2304 (900)
 - public static final 'GL_CCW' 'I' @344  2305 (901)
 - public static final 'GL_POINT_SIZE' 'I' @348  2833 (b11)
 - public static final 'GL_POINT_SIZE_RANGE' 'I' @352  2834 (b12)
 - public static final 'GL_POINT_SIZE_GRANULARITY' 'I' @356  2835 (b13)
 - public static final 'GL_LINE_SMOOTH' 'I' @360  2848 (b20)
 - public static final 'GL_LINE_WIDTH' 'I' @364  2849 (b21)
 - public static final 'GL_LINE_WIDTH_RANGE' 'I' @368  2850 (b22)
 - public static final 'GL_LINE_WIDTH_GRANULARITY' 'I' @372  2851 (b23)
 - public static final 'GL_POLYGON_MODE' 'I' @376  2880 (b40)
 - public static final 'GL_POLYGON_SMOOTH' 'I' @380  2881 (b41)
 - public static final 'GL_CULL_FACE' 'I' @384  2884 (b44)
 - public static final 'GL_CULL_FACE_MODE' 'I' @388  2885 (b45)
 - public static final 'GL_FRONT_FACE' 'I' @392  2886 (b46)
 - public static final 'GL_DEPTH_RANGE' 'I' @396  2928 (b70)
 - public static final 'GL_DEPTH_TEST' 'I' @400  2929 (b71)
 - public static final 'GL_DEPTH_WRITEMASK' 'I' @404  2930 (b72)
 - public static final 'GL_DEPTH_CLEAR_VALUE' 'I' @408  2931 (b73)
 - public static final 'GL_DEPTH_FUNC' 'I' @412  2932 (b74)
 - public static final 'GL_STENCIL_TEST' 'I' @416  2960 (b90)
 - public static final 'GL_STENCIL_CLEAR_VALUE' 'I' @420  2961 (b91)
 - public static final 'GL_STENCIL_FUNC' 'I' @424  2962 (b92)
 - public static final 'GL_STENCIL_VALUE_MASK' 'I' @428  2963 (b93)
 - public static final 'GL_STENCIL_FAIL' 'I' @432  2964 (b94)
 - public static final 'GL_STENCIL_PASS_DEPTH_FAIL' 'I' @436  2965 (b95)
 - public static final 'GL_STENCIL_PASS_DEPTH_PASS' 'I' @440  2966 (b96)
 - public static final 'GL_STENCIL_REF' 'I' @444  2967 (b97)
 - public static final 'GL_STENCIL_WRITEMASK' 'I' @448  2968 (b98)
 - public static final 'GL_VIEWPORT' 'I' @452  2978 (ba2)
 - public static final 'GL_DITHER' 'I' @456  3024 (bd0)
 - public static final 'GL_BLEND_DST' 'I' @460  3040 (be0)
 - public static final 'GL_BLEND_SRC' 'I' @464  3041 (be1)
 - public static final 'GL_BLEND' 'I' @468  3042 (be2)
 - public static final 'GL_LOGIC_OP_MODE' 'I' @472  3056 (bf0)
 - public static final 'GL_COLOR_LOGIC_OP' 'I' @476  3058 (bf2)
 - public static final 'GL_DRAW_BUFFER' 'I' @480  3073 (c01)
 - public static final 'GL_READ_BUFFER' 'I' @484  3074 (c02)
 - public static final 'GL_SCISSOR_BOX' 'I' @488  3088 (c10)
 - public static final 'GL_SCISSOR_TEST' 'I' @492  3089 (c11)
 - public static final 'GL_COLOR_CLEAR_VALUE' 'I' @496  3106 (c22)
 - public static final 'GL_COLOR_WRITEMASK' 'I' @500  3107 (c23)
 - public static final 'GL_DOUBLEBUFFER' 'I' @504  3122 (c32)
 - public static final 'GL_STEREO' 'I' @508  3123 (c33)
 - public static final 'GL_LINE_SMOOTH_HINT' 'I' @512  3154 (c52)
 - public static final 'GL_POLYGON_SMOOTH_HINT' 'I' @516  3155 (c53)
 - public static final 'GL_UNPACK_SWAP_BYTES' 'I' @520  3312 (cf0)
 - public static final 'GL_UNPACK_LSB_FIRST' 'I' @524  3313 (cf1)
 - public static final 'GL_UNPACK_ROW_LENGTH' 'I' @528  3314 (cf2)
 - public static final 'GL_UNPACK_SKIP_ROWS' 'I' @532  3315 (cf3)
 - public static final 'GL_UNPACK_SKIP_PIXELS' 'I' @536  3316 (cf4)
 - public static final 'GL_UNPACK_ALIGNMENT' 'I' @540  3317 (cf5)
 - public static final 'GL_PACK_SWAP_BYTES' 'I' @544  3328 (d00)
 - public static final 'GL_PACK_LSB_FIRST' 'I' @548  3329 (d01)
 - public static final 'GL_PACK_ROW_LENGTH' 'I' @552  3330 (d02)
 - public static final 'GL_PACK_SKIP_ROWS' 'I' @556  3331 (d03)
 - public static final 'GL_PACK_SKIP_PIXELS' 'I' @560  3332 (d04)
 - public static final 'GL_PACK_ALIGNMENT' 'I' @564  3333 (d05)
 - public static final 'GL_MAX_TEXTURE_SIZE' 'I' @568  3379 (d33)
 - public static final 'GL_MAX_VIEWPORT_DIMS' 'I' @572  3386 (d3a)
 - public static final 'GL_SUBPIXEL_BITS' 'I' @576  3408 (d50)
 - public static final 'GL_TEXTURE_1D' 'I' @580  3552 (de0)
 - public static final 'GL_TEXTURE_2D' 'I' @584  3553 (de1)
 - public static final 'GL_TEXTURE_WIDTH' 'I' @588  4096 (1000)
 - public static final 'GL_TEXTURE_HEIGHT' 'I' @592  4097 (1001)
 - public static final 'GL_TEXTURE_INTERNAL_FORMAT' 'I' @596  4099 (1003)
 - public static final 'GL_TEXTURE_BORDER_COLOR' 'I' @600  4100 (1004)
 - public static final 'GL_DONT_CARE' 'I' @604  4352 (1100)
 - public static final 'GL_FASTEST' 'I' @608  4353 (1101)
 - public static final 'GL_NICEST' 'I' @612  4354 (1102)
 - public static final 'GL_CLEAR' 'I' @616  5376 (1500)
 - public static final 'GL_AND' 'I' @620  5377 (1501)
 - public static final 'GL_AND_REVERSE' 'I' @624  5378 (1502)
 - public static final 'GL_COPY' 'I' @628  5379 (1503)
 - public static final 'GL_AND_INVERTED' 'I' @632  5380 (1504)
 - public static final 'GL_NOOP' 'I' @636  5381 (1505)
 - public static final 'GL_XOR' 'I' @640  5382 (1506)
 - public static final 'GL_OR' 'I' @644  5383 (1507)
 - public static final 'GL_NOR' 'I' @648  5384 (1508)
 - public static final 'GL_EQUIV' 'I' @652  5385 (1509)
 - public static final 'GL_INVERT' 'I' @656  5386 (150a)
 - public static final 'GL_OR_REVERSE' 'I' @660  5387 (150b)
 - public static final 'GL_COPY_INVERTED' 'I' @664  5388 (150c)
 - public static final 'GL_OR_INVERTED' 'I' @668  5389 (150d)
 - public static final 'GL_NAND' 'I' @672  5390 (150e)
 - public static final 'GL_SET' 'I' @676  5391 (150f)
 - public static final 'GL_TEXTURE' 'I' @680  5890 (1702)
 - public static final 'GL_COLOR' 'I' @684  6144 (1800)
 - public static final 'GL_DEPTH' 'I' @688  6145 (1801)
 - public static final 'GL_STENCIL' 'I' @692  6146 (1802)
 - public static final 'GL_STENCIL_INDEX' 'I' @696  6401 (1901)
 - public static final 'GL_DEPTH_COMPONENT' 'I' @700  6402 (1902)
 - public static final 'GL_RED' 'I' @704  6403 (1903)
 - public static final 'GL_GREEN' 'I' @708  6404 (1904)
 - public static final 'GL_BLUE' 'I' @712  6405 (1905)
 - public static final 'GL_ALPHA' 'I' @716  6406 (1906)
 - public static final 'GL_RGB' 'I' @720  6407 (1907)
 - public static final 'GL_RGBA' 'I' @724  6408 (1908)
 - public static final 'GL_POINT' 'I' @728  6912 (1b00)
 - public static final 'GL_LINE' 'I' @732  6913 (1b01)
 - public static final 'GL_FILL' 'I' @736  6914 (1b02)
 - public static final 'GL_KEEP' 'I' @740  7680 (1e00)
 - public static final 'GL_REPLACE' 'I' @744  7681 (1e01)
 - public static final 'GL_INCR' 'I' @748  7682 (1e02)
 - public static final 'GL_DECR' 'I' @752  7683 (1e03)
 - public static final 'GL_VENDOR' 'I' @756  7936 (1f00)
 - public static final 'GL_RENDERER' 'I' @760  7937 (1f01)
 - public static final 'GL_VERSION' 'I' @764  7938 (1f02)
 - public static final 'GL_EXTENSIONS' 'I' @768  7939 (1f03)
 - public static final 'GL_NEAREST' 'I' @772  9728 (2600)
 - public static final 'GL_LINEAR' 'I' @776  9729 (2601)
 - public static final 'GL_NEAREST_MIPMAP_NEAREST' 'I' @780  9984 (2700)
 - public static final 'GL_LINEAR_MIPMAP_NEAREST' 'I' @784  9985 (2701)
 - public static final 'GL_NEAREST_MIPMAP_LINEAR' 'I' @788  9986 (2702)
 - public static final 'GL_LINEAR_MIPMAP_LINEAR' 'I' @792  9987 (2703)
 - public static final 'GL_TEXTURE_MAG_FILTER' 'I' @796  10240 (2800)
 - public static final 'GL_TEXTURE_MIN_FILTER' 'I' @800  10241 (2801)
 - public static final 'GL_TEXTURE_WRAP_S' 'I' @804  10242 (2802)
 - public static final 'GL_TEXTURE_WRAP_T' 'I' @808  10243 (2803)
 - public static final 'GL_REPEAT' 'I' @812  10497 (2901)
 - public static final 'GL_POLYGON_OFFSET_FACTOR' 'I' @816  32824 (8038)
 - public static final 'GL_POLYGON_OFFSET_UNITS' 'I' @820  10752 (2a00)
 - public static final 'GL_POLYGON_OFFSET_POINT' 'I' @824  10753 (2a01)
 - public static final 'GL_POLYGON_OFFSET_LINE' 'I' @828  10754 (2a02)
 - public static final 'GL_POLYGON_OFFSET_FILL' 'I' @832  32823 (8037)
 - public static final 'GL_R3_G3_B2' 'I' @836  10768 (2a10)
 - public static final 'GL_RGB4' 'I' @840  32847 (804f)
 - public static final 'GL_RGB5' 'I' @844  32848 (8050)
 - public static final 'GL_RGB8' 'I' @848  32849 (8051)
 - public static final 'GL_RGB10' 'I' @852  32850 (8052)
 - public static final 'GL_RGB12' 'I' @856  32851 (8053)
 - public static final 'GL_RGB16' 'I' @860  32852 (8054)
 - public static final 'GL_RGBA2' 'I' @864  32853 (8055)
 - public static final 'GL_RGBA4' 'I' @868  32854 (8056)
 - public static final 'GL_RGB5_A1' 'I' @872  32855 (8057)
 - public static final 'GL_RGBA8' 'I' @876  32856 (8058)
 - public static final 'GL_RGB10_A2' 'I' @880  32857 (8059)
 - public static final 'GL_RGBA12' 'I' @884  32858 (805a)
 - public static final 'GL_RGBA16' 'I' @888  32859 (805b)
 - public static final 'GL_TEXTURE_RED_SIZE' 'I' @892  32860 (805c)
 - public static final 'GL_TEXTURE_GREEN_SIZE' 'I' @896  32861 (805d)
 - public static final 'GL_TEXTURE_BLUE_SIZE' 'I' @900  32862 (805e)
 - public static final 'GL_TEXTURE_ALPHA_SIZE' 'I' @904  32863 (805f)
 - public static final 'GL_PROXY_TEXTURE_1D' 'I' @908  32867 (8063)
 - public static final 'GL_PROXY_TEXTURE_2D' 'I' @912  32868 (8064)
 - public static final 'GL_TEXTURE_BINDING_1D' 'I' @916  32872 (8068)
 - public static final 'GL_TEXTURE_BINDING_2D' 'I' @920  32873 (8069)
 - public static final 'GL_VERTEX_ARRAY' 'I' @924  32884 (8074)
R12=0x0 is NULL
R13={method} {0x000001e4a34b9820} 'nglGetString' '(I)J' in 'org/lwjgl/opengl/GL11C'
R14=0x0000007d7e1ff208 is pointing into the stack for thread: 0x000001e4ffb07a70
R15=0x000001e4ffb07a70 is a thread


Registers:
RAX=0x000001e4a754d500, RBX=0x000001e4a34b9818, RCX=0x0000000000000000, RDX=0x0000007d7e1ff1f8
RSP=0x0000007d7e1ff168, RBP=0x0000007d7e1ff1e8, RSI=0x000000000000001c, RDI=0x000001e4878794fe
R8 =0x0000000000001f02, R9 =0x0000000000000002, R10=0x000001e48787d5f2, R11=0x00000007143a54a8
R12=0x0000000000000000, R13=0x000001e4a34b9818, R14=0x0000007d7e1ff208, R15=0x000001e4ffb07a70
RIP=0x00007ff8bd63c747, EFLAGS=0x0000000000010206

Top of Stack: (sp=0x0000007d7e1ff168)
0x0000007d7e1ff168:   000001e48787d621 000001e4a34b9818
0x0000007d7e1ff178:   000000000000001c 000001e4a34b98f0
0x0000007d7e1ff188:   000001e4ffb07a70 000001e4ffb07a70
0x0000007d7e1ff198:   000001e48787d2f6 0000007d7e1ff1a0
0x0000007d7e1ff1a8:   000001e4a34b9818 0000007d7e1ff208
0x0000007d7e1ff1b8:   000001e4a34c2278 0000000000000000
0x0000007d7e1ff1c8:   00000007143a54a8 000001e4a34b9818
0x0000007d7e1ff1d8:   0000000000000000 0000007d7e1ff208
0x0000007d7e1ff1e8:   0000007d7e1ff258 000001e4878795cd
0x0000007d7e1ff1f8:   00000007143a54a8 000001e48787af77
0x0000007d7e1ff208:   0000000000001f02 0000007d7e1ff210
0x0000007d7e1ff218:   000001e4a34b98b1 0000007d7e1ff278
0x0000007d7e1ff228:   000001e4a34c2278 0000000000000000
0x0000007d7e1ff238:   00000007143a54a8 000001e4a34b98f0
0x0000007d7e1ff248:   0000007d7e1ff208 0000007d7e1ff278
0x0000007d7e1ff258:   0000007d7e1ff2c8 000001e487879657 

Instructions: (pc=0x00007ff8bd63c747)
0x00007ff8bd63c647:   8b c8 4c 8b 50 18 49 ff a2 d8 02 00 00 cc cc cc
0x00007ff8bd63c657:   cc cc cc cc cc cc cc cc cc 48 8b 01 49 8b d1 41
0x00007ff8bd63c667:   8b c8 4c 8b 50 18 49 ff a2 e0 02 00 00 cc cc cc
0x00007ff8bd63c677:   cc cc cc cc cc cc cc cc cc 48 8b 01 49 8b d1 41
0x00007ff8bd63c687:   8b c8 4c 8b 50 18 49 ff a2 f0 02 00 00 cc cc cc
0x00007ff8bd63c697:   cc cc cc cc cc cc cc cc cc 48 8b 01 49 8b d1 41
0x00007ff8bd63c6a7:   8b c8 4c 8b 50 18 49 ff a2 f8 02 00 00 cc cc cc
0x00007ff8bd63c6b7:   cc cc cc cc cc cc cc cc cc 48 8b 01 49 8b d1 41
0x00007ff8bd63c6c7:   8b c8 4c 8b 50 18 49 ff a2 00 03 00 00 cc cc cc
0x00007ff8bd63c6d7:   cc cc cc cc cc cc cc cc cc 48 8b 01 49 8b d1 41
0x00007ff8bd63c6e7:   8b c8 4c 8b 50 18 49 ff a2 08 03 00 00 cc cc cc
0x00007ff8bd63c6f7:   cc cc cc cc cc cc cc cc cc 48 8b 01 48 8b 48 18
0x00007ff8bd63c707:   48 8b 81 10 03 00 00 48 ff e0 cc cc cc cc cc cc
0x00007ff8bd63c717:   cc cc cc cc cc cc cc cc cc 48 8b 01 49 8b d1 41
0x00007ff8bd63c727:   8b c8 4c 8b 50 18 49 ff a2 68 03 00 00 cc cc cc
0x00007ff8bd63c737:   cc cc cc cc cc cc cc cc cc 48 8b 01 48 8b 48 18
0x00007ff8bd63c747:   48 8b 81 78 03 00 00 41 8b c8 48 ff e0 cc cc cc
0x00007ff8bd63c757:   cc cc cc cc cc cc cc cc cc 40 53 48 8b 01 41 8b
0x00007ff8bd63c767:   d8 44 8b 44 24 30 41 8b d1 44 8b 4c 24 38 8b cb
0x00007ff8bd63c777:   4c 8b 50 18 48 8b 44 24 40 48 89 44 24 30 5b 49
0x00007ff8bd63c787:   ff a2 a8 03 00 00 cc cc cc 40 53 48 8b 01 41 8b
0x00007ff8bd63c797:   d8 44 8b 44 24 30 41 8b d1 4c 8b 4c 24 38 8b cb
0x00007ff8bd63c7a7:   4c 8b 50 18 5b 49 ff a2 b0 03 00 00 cc cc cc cc
0x00007ff8bd63c7b7:   cc cc cc cc cc cc cc cc cc 40 53 48 8b 01 41 8b
0x00007ff8bd63c7c7:   d8 44 8b 44 24 30 41 8b d1 4c 8b 4c 24 38 8b cb
0x00007ff8bd63c7d7:   4c 8b 50 18 5b 49 ff a2 b8 03 00 00 cc cc cc cc
0x00007ff8bd63c7e7:   cc cc cc cc cc cc cc cc cc 48 8b 01 45 8b d8 4c
0x00007ff8bd63c7f7:   8b 44 24 28 41 8b d1 41 8b cb 4c 8b 50 18 49 ff
0x00007ff8bd63c807:   a2 c0 03 00 00 cc cc cc cc 48 8b 01 45 8b d8 4c
0x00007ff8bd63c817:   8b 44 24 28 41 8b d1 41 8b cb 4c 8b 50 18 49 ff
0x00007ff8bd63c827:   a2 c8 03 00 00 cc cc cc cc 48 8b 01 41 8b d1 41
0x00007ff8bd63c837:   8b c8 4c 8b 50 18 49 ff a2 d0 03 00 00 cc cc cc 


Stack slot to memory mapping:
stack at sp + 0 slots: 0x000001e48787d621 is at code_begin+993 in an Interpreter codelet
method entry point (kind = native)  [0x000001e48787d240, 0x000001e48787dbc0]  2432 bytes
stack at sp + 1 slots: {method} {0x000001e4a34b9820} 'nglGetString' '(I)J' in 'org/lwjgl/opengl/GL11C'
stack at sp + 2 slots: 0x000000000000001c is an unknown value
stack at sp + 3 slots: {method} {0x000001e4a34b98f8} 'glGetString' '(I)Ljava/lang/String;' in 'org/lwjgl/opengl/GL11C'
stack at sp + 4 slots: 0x000001e4ffb07a70 is a thread
stack at sp + 5 slots: 0x000001e4ffb07a70 is a thread
stack at sp + 6 slots: 0x000001e48787d2f6 is at code_begin+182 in an Interpreter codelet
method entry point (kind = native)  [0x000001e48787d240, 0x000001e48787dbc0]  2432 bytes
stack at sp + 7 slots: 0x0000007d7e1ff1a0 is pointing into the stack for thread: 0x000001e4ffb07a70


---------------  P R O C E S S  ---------------

Threads class SMR info:
_java_thread_list=0x000001e4a74b9ba0, length=13, elements={
0x000001e4ffb07a70, 0x000001e4a2b7bdf0, 0x000001e4a2b7c790, 0x000001e4a2b96f90,
0x000001e4a2b97d40, 0x000001e4a2b986e0, 0x000001e4a2b99450, 0x000001e4a2b9a120,
0x000001e4a2ba63e0, 0x000001e4a2ba91a0, 0x000001e4a71e6150, 0x000001e4a71ef280,
0x000001e4a7281c10
}

Java Threads: ( => current thread )
=>0x000001e4ffb07a70 JavaThread "main" [_thread_in_native, id=18332, stack(0x0000007d7e100000,0x0000007d7e200000)]
  0x000001e4a2b7bdf0 JavaThread "Reference Handler" daemon [_thread_blocked, id=17368, stack(0x0000007d7e800000,0x0000007d7e900000)]
  0x000001e4a2b7c790 JavaThread "Finalizer" daemon [_thread_blocked, id=2416, stack(0x0000007d7e900000,0x0000007d7ea00000)]
  0x000001e4a2b96f90 JavaThread "Signal Dispatcher" daemon [_thread_blocked, id=1480, stack(0x0000007d7ea00000,0x0000007d7eb00000)]
  0x000001e4a2b97d40 JavaThread "Attach Listener" daemon [_thread_blocked, id=14292, stack(0x0000007d7eb00000,0x0000007d7ec00000)]
  0x000001e4a2b986e0 JavaThread "Service Thread" daemon [_thread_blocked, id=5896, stack(0x0000007d7ec00000,0x0000007d7ed00000)]
  0x000001e4a2b99450 JavaThread "Monitor Deflation Thread" daemon [_thread_blocked, id=9720, stack(0x0000007d7ed00000,0x0000007d7ee00000)]
  0x000001e4a2b9a120 JavaThread "C2 CompilerThread0" daemon [_thread_blocked, id=12388, stack(0x0000007d7ee00000,0x0000007d7ef00000)]
  0x000001e4a2ba63e0 JavaThread "C1 CompilerThread0" daemon [_thread_blocked, id=3556, stack(0x0000007d7ef00000,0x0000007d7f000000)]
  0x000001e4a2ba91a0 JavaThread "Sweeper thread" daemon [_thread_blocked, id=18572, stack(0x0000007d7f000000,0x0000007d7f100000)]
  0x000001e4a71e6150 JavaThread "Notification Thread" daemon [_thread_blocked, id=8452, stack(0x0000007d7f100000,0x0000007d7f200000)]
  0x000001e4a71ef280 JavaThread "Common-Cleaner" daemon [_thread_blocked, id=16708, stack(0x0000007d7f300000,0x0000007d7f400000)]
  0x000001e4a7281c10 JavaThread "C2 CompilerThread1" daemon [_thread_blocked, id=18580, stack(0x0000007d7f400000,0x0000007d7f500000)]

Other Threads:
  0x000001e4a2b78b80 VMThread "VM Thread" [stack: 0x0000007d7e700000,0x0000007d7e800000] [id=18344]
  0x000001e4a71eae50 WatcherThread "VM Periodic Task Thread" [stack: 0x0000007d7f200000,0x0000007d7f300000] [id=16688]
  0x000001e4ffb76e30 WorkerThread "GC Thread#0" [stack: 0x0000007d7e200000,0x0000007d7e300000] [id=17048]
  0x000001e4ffb878a0 ConcurrentGCThread "G1 Main Marker" [stack: 0x0000007d7e300000,0x0000007d7e400000] [id=6564]
  0x000001e4ffb883f0 WorkerThread "G1 Conc#0" [stack: 0x0000007d7e400000,0x0000007d7e500000] [id=17692]
  0x000001e4a2a2e940 ConcurrentGCThread "G1 Refine#0" [stack: 0x0000007d7e500000,0x0000007d7e600000] [id=17320]
  0x000001e4a2a30500 ConcurrentGCThread "G1 Service" [stack: 0x0000007d7e600000,0x0000007d7e700000] [id=17260]

Threads with active compile tasks:

VM state: not at safepoint (normal execution)

VM Mutex/Monitor currently owned by a thread: None

Heap address: 0x0000000704c00000, size: 4020 MB, Compressed Oops mode: Zero based, Oop shift amount: 3

CDS archive(s) mapped at: [0x0000000800000000-0x0000000800ba0000-0x0000000800ba0000), size 12189696, SharedBaseAddress: 0x0000000800000000, ArchiveRelocationMode: 0.
Compressed class space mapped at: 0x0000000800c00000-0x0000000840c00000, reserved size: 1073741824
Narrow klass base: 0x0000000800000000, Narrow klass shift: 0, Narrow klass range: 0x100000000

GC Precious Log:
 CardTable entry size: 512
 Card Set container configuration: InlinePtr #cards 4 size 8 Array Of Cards #cards 16 size 48 Howl #buckets 8 coarsen threshold 3686 Howl Bitmap #cards 512 size 80 coarsen threshold 460 Card regions per heap region 1 cards per card region 4096
 CPUs: 8 total, 8 available
 Memory: 16075M
 Large Page Support: Disabled
 NUMA Support: Disabled
 Compressed Oops: Enabled (Zero based)
 Heap Region Size: 2M
 Heap Min Capacity: 8M
 Heap Initial Capacity: 252M
 Heap Max Capacity: 4020M
 Pre-touch: Disabled
 Parallel Workers: 8
 Concurrent Workers: 2
 Concurrent Refinement Workers: 8
 Periodic GC: Disabled

Heap:
 garbage-first heap   total 258048K, used 4096K [0x0000000704c00000, 0x0000000800000000)
  region size 2048K, 3 young (6144K), 0 survivors (0K)
 Metaspace       used 1887K, committed 2112K, reserved 1114112K
  class space    used 133K, committed 256K, reserved 1048576K

Heap Regions: E=young(eden), S=young(survivor), O=old, HS=humongous(starts), HC=humongous(continues), CS=collection set, F=free, OA=open archive, CA=closed archive, TAMS=top-at-mark-start (previous, next)
|   0|0x0000000704c00000, 0x0000000704c00000, 0x0000000704e00000|  0%| F|  |TAMS 0x0000000704c00000, 0x0000000704c00000| Untracked 
|   1|0x0000000704e00000, 0x0000000704e00000, 0x0000000705000000|  0%| F|  |TAMS 0x0000000704e00000, 0x0000000704e00000| Untracked 
|   2|0x0000000705000000, 0x0000000705000000, 0x0000000705200000|  0%| F|  |TAMS 0x0000000705000000, 0x0000000705000000| Untracked 
|   3|0x0000000705200000, 0x0000000705200000, 0x0000000705400000|  0%| F|  |TAMS 0x0000000705200000, 0x0000000705200000| Untracked 
|   4|0x0000000705400000, 0x0000000705400000, 0x0000000705600000|  0%| F|  |TAMS 0x0000000705400000, 0x0000000705400000| Untracked 
|   5|0x0000000705600000, 0x0000000705600000, 0x0000000705800000|  0%| F|  |TAMS 0x0000000705600000, 0x0000000705600000| Untracked 
|   6|0x0000000705800000, 0x0000000705800000, 0x0000000705a00000|  0%| F|  |TAMS 0x0000000705800000, 0x0000000705800000| Untracked 
|   7|0x0000000705a00000, 0x0000000705a00000, 0x0000000705c00000|  0%| F|  |TAMS 0x0000000705a00000, 0x0000000705a00000| Untracked 
|   8|0x0000000705c00000, 0x0000000705c00000, 0x0000000705e00000|  0%| F|  |TAMS 0x0000000705c00000, 0x0000000705c00000| Untracked 
|   9|0x0000000705e00000, 0x0000000705e00000, 0x0000000706000000|  0%| F|  |TAMS 0x0000000705e00000, 0x0000000705e00000| Untracked 
|  10|0x0000000706000000, 0x0000000706000000, 0x0000000706200000|  0%| F|  |TAMS 0x0000000706000000, 0x0000000706000000| Untracked 
|  11|0x0000000706200000, 0x0000000706200000, 0x0000000706400000|  0%| F|  |TAMS 0x0000000706200000, 0x0000000706200000| Untracked 
|  12|0x0000000706400000, 0x0000000706400000, 0x0000000706600000|  0%| F|  |TAMS 0x0000000706400000, 0x0000000706400000| Untracked 
|  13|0x0000000706600000, 0x0000000706600000, 0x0000000706800000|  0%| F|  |TAMS 0x0000000706600000, 0x0000000706600000| Untracked 
|  14|0x0000000706800000, 0x0000000706800000, 0x0000000706a00000|  0%| F|  |TAMS 0x0000000706800000, 0x0000000706800000| Untracked 
|  15|0x0000000706a00000, 0x0000000706a00000, 0x0000000706c00000|  0%| F|  |TAMS 0x0000000706a00000, 0x0000000706a00000| Untracked 
|  16|0x0000000706c00000, 0x0000000706c00000, 0x0000000706e00000|  0%| F|  |TAMS 0x0000000706c00000, 0x0000000706c00000| Untracked 
|  17|0x0000000706e00000, 0x0000000706e00000, 0x0000000707000000|  0%| F|  |TAMS 0x0000000706e00000, 0x0000000706e00000| Untracked 
|  18|0x0000000707000000, 0x0000000707000000, 0x0000000707200000|  0%| F|  |TAMS 0x0000000707000000, 0x0000000707000000| Untracked 
|  19|0x0000000707200000, 0x0000000707200000, 0x0000000707400000|  0%| F|  |TAMS 0x0000000707200000, 0x0000000707200000| Untracked 
|  20|0x0000000707400000, 0x0000000707400000, 0x0000000707600000|  0%| F|  |TAMS 0x0000000707400000, 0x0000000707400000| Untracked 
|  21|0x0000000707600000, 0x0000000707600000, 0x0000000707800000|  0%| F|  |TAMS 0x0000000707600000, 0x0000000707600000| Untracked 
|  22|0x0000000707800000, 0x0000000707800000, 0x0000000707a00000|  0%| F|  |TAMS 0x0000000707800000, 0x0000000707800000| Untracked 
|  23|0x0000000707a00000, 0x0000000707a00000, 0x0000000707c00000|  0%| F|  |TAMS 0x0000000707a00000, 0x0000000707a00000| Untracked 
|  24|0x0000000707c00000, 0x0000000707c00000, 0x0000000707e00000|  0%| F|  |TAMS 0x0000000707c00000, 0x0000000707c00000| Untracked 
|  25|0x0000000707e00000, 0x0000000707e00000, 0x0000000708000000|  0%| F|  |TAMS 0x0000000707e00000, 0x0000000707e00000| Untracked 
|  26|0x0000000708000000, 0x0000000708000000, 0x0000000708200000|  0%| F|  |TAMS 0x0000000708000000, 0x0000000708000000| Untracked 
|  27|0x0000000708200000, 0x0000000708200000, 0x0000000708400000|  0%| F|  |TAMS 0x0000000708200000, 0x0000000708200000| Untracked 
|  28|0x0000000708400000, 0x0000000708400000, 0x0000000708600000|  0%| F|  |TAMS 0x0000000708400000, 0x0000000708400000| Untracked 
|  29|0x0000000708600000, 0x0000000708600000, 0x0000000708800000|  0%| F|  |TAMS 0x0000000708600000, 0x0000000708600000| Untracked 
|  30|0x0000000708800000, 0x0000000708800000, 0x0000000708a00000|  0%| F|  |TAMS 0x0000000708800000, 0x0000000708800000| Untracked 
|  31|0x0000000708a00000, 0x0000000708a00000, 0x0000000708c00000|  0%| F|  |TAMS 0x0000000708a00000, 0x0000000708a00000| Untracked 
|  32|0x0000000708c00000, 0x0000000708c00000, 0x0000000708e00000|  0%| F|  |TAMS 0x0000000708c00000, 0x0000000708c00000| Untracked 
|  33|0x0000000708e00000, 0x0000000708e00000, 0x0000000709000000|  0%| F|  |TAMS 0x0000000708e00000, 0x0000000708e00000| Untracked 
|  34|0x0000000709000000, 0x0000000709000000, 0x0000000709200000|  0%| F|  |TAMS 0x0000000709000000, 0x0000000709000000| Untracked 
|  35|0x0000000709200000, 0x0000000709200000, 0x0000000709400000|  0%| F|  |TAMS 0x0000000709200000, 0x0000000709200000| Untracked 
|  36|0x0000000709400000, 0x0000000709400000, 0x0000000709600000|  0%| F|  |TAMS 0x0000000709400000, 0x0000000709400000| Untracked 
|  37|0x0000000709600000, 0x0000000709600000, 0x0000000709800000|  0%| F|  |TAMS 0x0000000709600000, 0x0000000709600000| Untracked 
|  38|0x0000000709800000, 0x0000000709800000, 0x0000000709a00000|  0%| F|  |TAMS 0x0000000709800000, 0x0000000709800000| Untracked 
|  39|0x0000000709a00000, 0x0000000709a00000, 0x0000000709c00000|  0%| F|  |TAMS 0x0000000709a00000, 0x0000000709a00000| Untracked 
|  40|0x0000000709c00000, 0x0000000709c00000, 0x0000000709e00000|  0%| F|  |TAMS 0x0000000709c00000, 0x0000000709c00000| Untracked 
|  41|0x0000000709e00000, 0x0000000709e00000, 0x000000070a000000|  0%| F|  |TAMS 0x0000000709e00000, 0x0000000709e00000| Untracked 
|  42|0x000000070a000000, 0x000000070a000000, 0x000000070a200000|  0%| F|  |TAMS 0x000000070a000000, 0x000000070a000000| Untracked 
|  43|0x000000070a200000, 0x000000070a200000, 0x000000070a400000|  0%| F|  |TAMS 0x000000070a200000, 0x000000070a200000| Untracked 
|  44|0x000000070a400000, 0x000000070a400000, 0x000000070a600000|  0%| F|  |TAMS 0x000000070a400000, 0x000000070a400000| Untracked 
|  45|0x000000070a600000, 0x000000070a600000, 0x000000070a800000|  0%| F|  |TAMS 0x000000070a600000, 0x000000070a600000| Untracked 
|  46|0x000000070a800000, 0x000000070a800000, 0x000000070aa00000|  0%| F|  |TAMS 0x000000070a800000, 0x000000070a800000| Untracked 
|  47|0x000000070aa00000, 0x000000070aa00000, 0x000000070ac00000|  0%| F|  |TAMS 0x000000070aa00000, 0x000000070aa00000| Untracked 
|  48|0x000000070ac00000, 0x000000070ac00000, 0x000000070ae00000|  0%| F|  |TAMS 0x000000070ac00000, 0x000000070ac00000| Untracked 
|  49|0x000000070ae00000, 0x000000070ae00000, 0x000000070b000000|  0%| F|  |TAMS 0x000000070ae00000, 0x000000070ae00000| Untracked 
|  50|0x000000070b000000, 0x000000070b000000, 0x000000070b200000|  0%| F|  |TAMS 0x000000070b000000, 0x000000070b000000| Untracked 
|  51|0x000000070b200000, 0x000000070b200000, 0x000000070b400000|  0%| F|  |TAMS 0x000000070b200000, 0x000000070b200000| Untracked 
|  52|0x000000070b400000, 0x000000070b400000, 0x000000070b600000|  0%| F|  |TAMS 0x000000070b400000, 0x000000070b400000| Untracked 
|  53|0x000000070b600000, 0x000000070b600000, 0x000000070b800000|  0%| F|  |TAMS 0x000000070b600000, 0x000000070b600000| Untracked 
|  54|0x000000070b800000, 0x000000070b800000, 0x000000070ba00000|  0%| F|  |TAMS 0x000000070b800000, 0x000000070b800000| Untracked 
|  55|0x000000070ba00000, 0x000000070ba00000, 0x000000070bc00000|  0%| F|  |TAMS 0x000000070ba00000, 0x000000070ba00000| Untracked 
|  56|0x000000070bc00000, 0x000000070bc00000, 0x000000070be00000|  0%| F|  |TAMS 0x000000070bc00000, 0x000000070bc00000| Untracked 
|  57|0x000000070be00000, 0x000000070be00000, 0x000000070c000000|  0%| F|  |TAMS 0x000000070be00000, 0x000000070be00000| Untracked 
|  58|0x000000070c000000, 0x000000070c000000, 0x000000070c200000|  0%| F|  |TAMS 0x000000070c000000, 0x000000070c000000| Untracked 
|  59|0x000000070c200000, 0x000000070c200000, 0x000000070c400000|  0%| F|  |TAMS 0x000000070c200000, 0x000000070c200000| Untracked 
|  60|0x000000070c400000, 0x000000070c400000, 0x000000070c600000|  0%| F|  |TAMS 0x000000070c400000, 0x000000070c400000| Untracked 
|  61|0x000000070c600000, 0x000000070c600000, 0x000000070c800000|  0%| F|  |TAMS 0x000000070c600000, 0x000000070c600000| Untracked 
|  62|0x000000070c800000, 0x000000070c800000, 0x000000070ca00000|  0%| F|  |TAMS 0x000000070c800000, 0x000000070c800000| Untracked 
|  63|0x000000070ca00000, 0x000000070ca00000, 0x000000070cc00000|  0%| F|  |TAMS 0x000000070ca00000, 0x000000070ca00000| Untracked 
|  64|0x000000070cc00000, 0x000000070cc00000, 0x000000070ce00000|  0%| F|  |TAMS 0x000000070cc00000, 0x000000070cc00000| Untracked 
|  65|0x000000070ce00000, 0x000000070ce00000, 0x000000070d000000|  0%| F|  |TAMS 0x000000070ce00000, 0x000000070ce00000| Untracked 
|  66|0x000000070d000000, 0x000000070d000000, 0x000000070d200000|  0%| F|  |TAMS 0x000000070d000000, 0x000000070d000000| Untracked 
|  67|0x000000070d200000, 0x000000070d200000, 0x000000070d400000|  0%| F|  |TAMS 0x000000070d200000, 0x000000070d200000| Untracked 
|  68|0x000000070d400000, 0x000000070d400000, 0x000000070d600000|  0%| F|  |TAMS 0x000000070d400000, 0x000000070d400000| Untracked 
|  69|0x000000070d600000, 0x000000070d600000, 0x000000070d800000|  0%| F|  |TAMS 0x000000070d600000, 0x000000070d600000| Untracked 
|  70|0x000000070d800000, 0x000000070d800000, 0x000000070da00000|  0%| F|  |TAMS 0x000000070d800000, 0x000000070d800000| Untracked 
|  71|0x000000070da00000, 0x000000070da00000, 0x000000070dc00000|  0%| F|  |TAMS 0x000000070da00000, 0x000000070da00000| Untracked 
|  72|0x000000070dc00000, 0x000000070dc00000, 0x000000070de00000|  0%| F|  |TAMS 0x000000070dc00000, 0x000000070dc00000| Untracked 
|  73|0x000000070de00000, 0x000000070de00000, 0x000000070e000000|  0%| F|  |TAMS 0x000000070de00000, 0x000000070de00000| Untracked 
|  74|0x000000070e000000, 0x000000070e000000, 0x000000070e200000|  0%| F|  |TAMS 0x000000070e000000, 0x000000070e000000| Untracked 
|  75|0x000000070e200000, 0x000000070e200000, 0x000000070e400000|  0%| F|  |TAMS 0x000000070e200000, 0x000000070e200000| Untracked 
|  76|0x000000070e400000, 0x000000070e400000, 0x000000070e600000|  0%| F|  |TAMS 0x000000070e400000, 0x000000070e400000| Untracked 
|  77|0x000000070e600000, 0x000000070e600000, 0x000000070e800000|  0%| F|  |TAMS 0x000000070e600000, 0x000000070e600000| Untracked 
|  78|0x000000070e800000, 0x000000070e800000, 0x000000070ea00000|  0%| F|  |TAMS 0x000000070e800000, 0x000000070e800000| Untracked 
|  79|0x000000070ea00000, 0x000000070ea00000, 0x000000070ec00000|  0%| F|  |TAMS 0x000000070ea00000, 0x000000070ea00000| Untracked 
|  80|0x000000070ec00000, 0x000000070ec00000, 0x000000070ee00000|  0%| F|  |TAMS 0x000000070ec00000, 0x000000070ec00000| Untracked 
|  81|0x000000070ee00000, 0x000000070ee00000, 0x000000070f000000|  0%| F|  |TAMS 0x000000070ee00000, 0x000000070ee00000| Untracked 
|  82|0x000000070f000000, 0x000000070f000000, 0x000000070f200000|  0%| F|  |TAMS 0x000000070f000000, 0x000000070f000000| Untracked 
|  83|0x000000070f200000, 0x000000070f200000, 0x000000070f400000|  0%| F|  |TAMS 0x000000070f200000, 0x000000070f200000| Untracked 
|  84|0x000000070f400000, 0x000000070f400000, 0x000000070f600000|  0%| F|  |TAMS 0x000000070f400000, 0x000000070f400000| Untracked 
|  85|0x000000070f600000, 0x000000070f600000, 0x000000070f800000|  0%| F|  |TAMS 0x000000070f600000, 0x000000070f600000| Untracked 
|  86|0x000000070f800000, 0x000000070f800000, 0x000000070fa00000|  0%| F|  |TAMS 0x000000070f800000, 0x000000070f800000| Untracked 
|  87|0x000000070fa00000, 0x000000070fa00000, 0x000000070fc00000|  0%| F|  |TAMS 0x000000070fa00000, 0x000000070fa00000| Untracked 
|  88|0x000000070fc00000, 0x000000070fc00000, 0x000000070fe00000|  0%| F|  |TAMS 0x000000070fc00000, 0x000000070fc00000| Untracked 
|  89|0x000000070fe00000, 0x000000070fe00000, 0x0000000710000000|  0%| F|  |TAMS 0x000000070fe00000, 0x000000070fe00000| Untracked 
|  90|0x0000000710000000, 0x0000000710000000, 0x0000000710200000|  0%| F|  |TAMS 0x0000000710000000, 0x0000000710000000| Untracked 
|  91|0x0000000710200000, 0x0000000710200000, 0x0000000710400000|  0%| F|  |TAMS 0x0000000710200000, 0x0000000710200000| Untracked 
|  92|0x0000000710400000, 0x0000000710400000, 0x0000000710600000|  0%| F|  |TAMS 0x0000000710400000, 0x0000000710400000| Untracked 
|  93|0x0000000710600000, 0x0000000710600000, 0x0000000710800000|  0%| F|  |TAMS 0x0000000710600000, 0x0000000710600000| Untracked 
|  94|0x0000000710800000, 0x0000000710800000, 0x0000000710a00000|  0%| F|  |TAMS 0x0000000710800000, 0x0000000710800000| Untracked 
|  95|0x0000000710a00000, 0x0000000710a00000, 0x0000000710c00000|  0%| F|  |TAMS 0x0000000710a00000, 0x0000000710a00000| Untracked 
|  96|0x0000000710c00000, 0x0000000710c00000, 0x0000000710e00000|  0%| F|  |TAMS 0x0000000710c00000, 0x0000000710c00000| Untracked 
|  97|0x0000000710e00000, 0x0000000710e00000, 0x0000000711000000|  0%| F|  |TAMS 0x0000000710e00000, 0x0000000710e00000| Untracked 
|  98|0x0000000711000000, 0x0000000711000000, 0x0000000711200000|  0%| F|  |TAMS 0x0000000711000000, 0x0000000711000000| Untracked 
|  99|0x0000000711200000, 0x0000000711200000, 0x0000000711400000|  0%| F|  |TAMS 0x0000000711200000, 0x0000000711200000| Untracked 
| 100|0x0000000711400000, 0x0000000711400000, 0x0000000711600000|  0%| F|  |TAMS 0x0000000711400000, 0x0000000711400000| Untracked 
| 101|0x0000000711600000, 0x0000000711600000, 0x0000000711800000|  0%| F|  |TAMS 0x0000000711600000, 0x0000000711600000| Untracked 
| 102|0x0000000711800000, 0x0000000711800000, 0x0000000711a00000|  0%| F|  |TAMS 0x0000000711800000, 0x0000000711800000| Untracked 
| 103|0x0000000711a00000, 0x0000000711a00000, 0x0000000711c00000|  0%| F|  |TAMS 0x0000000711a00000, 0x0000000711a00000| Untracked 
| 104|0x0000000711c00000, 0x0000000711c00000, 0x0000000711e00000|  0%| F|  |TAMS 0x0000000711c00000, 0x0000000711c00000| Untracked 
| 105|0x0000000711e00000, 0x0000000711e00000, 0x0000000712000000|  0%| F|  |TAMS 0x0000000711e00000, 0x0000000711e00000| Untracked 
| 106|0x0000000712000000, 0x0000000712000000, 0x0000000712200000|  0%| F|  |TAMS 0x0000000712000000, 0x0000000712000000| Untracked 
| 107|0x0000000712200000, 0x0000000712200000, 0x0000000712400000|  0%| F|  |TAMS 0x0000000712200000, 0x0000000712200000| Untracked 
| 108|0x0000000712400000, 0x0000000712400000, 0x0000000712600000|  0%| F|  |TAMS 0x0000000712400000, 0x0000000712400000| Untracked 
| 109|0x0000000712600000, 0x0000000712600000, 0x0000000712800000|  0%| F|  |TAMS 0x0000000712600000, 0x0000000712600000| Untracked 
| 110|0x0000000712800000, 0x0000000712800000, 0x0000000712a00000|  0%| F|  |TAMS 0x0000000712800000, 0x0000000712800000| Untracked 
| 111|0x0000000712a00000, 0x0000000712a00000, 0x0000000712c00000|  0%| F|  |TAMS 0x0000000712a00000, 0x0000000712a00000| Untracked 
| 112|0x0000000712c00000, 0x0000000712c00000, 0x0000000712e00000|  0%| F|  |TAMS 0x0000000712c00000, 0x0000000712c00000| Untracked 
| 113|0x0000000712e00000, 0x0000000712e00000, 0x0000000713000000|  0%| F|  |TAMS 0x0000000712e00000, 0x0000000712e00000| Untracked 
| 114|0x0000000713000000, 0x0000000713000000, 0x0000000713200000|  0%| F|  |TAMS 0x0000000713000000, 0x0000000713000000| Untracked 
| 115|0x0000000713200000, 0x0000000713200000, 0x0000000713400000|  0%| F|  |TAMS 0x0000000713200000, 0x0000000713200000| Untracked 
| 116|0x0000000713400000, 0x0000000713400000, 0x0000000713600000|  0%| F|  |TAMS 0x0000000713400000, 0x0000000713400000| Untracked 
| 117|0x0000000713600000, 0x0000000713600000, 0x0000000713800000|  0%| F|  |TAMS 0x0000000713600000, 0x0000000713600000| Untracked 
| 118|0x0000000713800000, 0x0000000713800000, 0x0000000713a00000|  0%| F|  |TAMS 0x0000000713800000, 0x0000000713800000| Untracked 
| 119|0x0000000713a00000, 0x0000000713a00000, 0x0000000713c00000|  0%| F|  |TAMS 0x0000000713a00000, 0x0000000713a00000| Untracked 
| 120|0x0000000713c00000, 0x0000000713c00000, 0x0000000713e00000|  0%| F|  |TAMS 0x0000000713c00000, 0x0000000713c00000| Untracked 
| 121|0x0000000713e00000, 0x0000000713e00000, 0x0000000714000000|  0%| F|  |TAMS 0x0000000713e00000, 0x0000000713e00000| Untracked 
| 122|0x0000000714000000, 0x0000000714000000, 0x0000000714200000|  0%| F|  |TAMS 0x0000000714000000, 0x0000000714000000| Untracked 
| 123|0x0000000714200000, 0x00000007143db628, 0x0000000714400000| 92%| E|  |TAMS 0x0000000714200000, 0x0000000714200000| Complete 
| 124|0x0000000714400000, 0x0000000714600000, 0x0000000714600000|100%| E|CS|TAMS 0x0000000714400000, 0x0000000714400000| Complete 
| 125|0x0000000714600000, 0x0000000714800000, 0x0000000714800000|100%| E|CS|TAMS 0x0000000714600000, 0x0000000714600000| Complete 

Card table byte_map: [0x000001e4976b0000,0x000001e497e90000] _byte_map_base: 0x000001e493e8a000

Marking Bits (Prev, Next): (CMBitMap*) 0x000001e4ffb77430, (CMBitMap*) 0x000001e4ffb77470
 Prev Bits: [0x000001e498670000, 0x000001e49c540000)
 Next Bits: [0x000001e49c540000, 0x000001e4a0410000)

Polling page: 0x000001e4fe450000

Metaspace:

Usage:
  Non-class:      1.71 MB used.
      Class:    133.54 KB used.
       Both:      1.84 MB used.

Virtual space:
  Non-class space:       64.00 MB reserved,       1.81 MB (  3%) committed,  1 nodes.
      Class space:        1.00 GB reserved,     256.00 KB ( <1%) committed,  1 nodes.
             Both:        1.06 GB reserved,       2.06 MB ( <1%) committed. 

Chunk freelists:
   Non-Class:  3.23 MB
       Class:  3.67 MB
        Both:  6.90 MB

MaxMetaspaceSize: unlimited
CompressedClassSpaceSize: 1.00 GB
Initial GC threshold: 21.00 MB
Current GC threshold: 21.00 MB
CDS: on
MetaspaceReclaimPolicy: balanced
 - commit_granule_bytes: 65536.
 - commit_granule_words: 8192.
 - virtual_space_node_default_size: 8388608.
 - enlarge_chunks_in_place: 1.
 - new_chunks_are_fully_committed: 0.
 - uncommit_free_chunks: 1.
 - use_allocation_guard: 0.


Internal statistics:

num_allocs_failed_limit: 0.
num_arena_births: 80.
num_arena_deaths: 0.
num_vsnodes_births: 2.
num_vsnodes_deaths: 0.
num_space_committed: 33.
num_space_uncommitted: 0.
num_chunks_returned_to_freelist: 0.
num_chunks_taken_from_freelist: 129.
num_chunk_merges: 0.
num_chunk_splits: 81.
num_chunks_enlarged: 47.
num_inconsistent_stats: 0.

CodeHeap 'non-profiled nmethods': size=120000Kb used=139Kb max_used=139Kb free=119860Kb
 bounds [0x000001e48f340000, 0x000001e48f5b0000, 0x000001e496870000]
CodeHeap 'profiled nmethods': size=120000Kb used=608Kb max_used=608Kb free=119391Kb
 bounds [0x000001e487e10000, 0x000001e488080000, 0x000001e48f340000]
CodeHeap 'non-nmethods': size=5760Kb used=1175Kb max_used=1184Kb free=4584Kb
 bounds [0x000001e487870000, 0x000001e487ae0000, 0x000001e487e10000]
 total_blobs=879 nmethods=435 adapters=357
 compilation: enabled
              stopped_count=0, restarted_count=0
 full_count=0

Compilation events (20 events):
Event: 0.159 Thread 0x000001e4a2ba63e0  424       3       java.util.zip.ZipFile::ensureOpen (40 bytes)
Event: 0.160 Thread 0x000001e4a2ba63e0 nmethod 424 0x000001e487ea3690 code [0x000001e487ea3860, 0x000001e487ea3bb8]
Event: 0.160 Thread 0x000001e4a2ba63e0  425       3       java.lang.StringBuilder::append (10 bytes)
Event: 0.160 Thread 0x000001e4a2ba63e0 nmethod 425 0x000001e487ea3d10 code [0x000001e487ea3ea0, 0x000001e487ea3fe8]
Event: 0.160 Thread 0x000001e4a2ba63e0  426       3       java.lang.AbstractStringBuilder::append (67 bytes)
Event: 0.160 Thread 0x000001e4a2ba63e0 nmethod 426 0x000001e487ea4090 code [0x000001e487ea42a0, 0x000001e487ea4948]
Event: 0.160 Thread 0x000001e4a2ba63e0  429       3       java.lang.StringConcatHelper::prepend (37 bytes)
Event: 0.160 Thread 0x000001e4a2ba63e0 nmethod 429 0x000001e487ea4b10 code [0x000001e487ea4ce0, 0x000001e487ea4fb8]
Event: 0.160 Thread 0x000001e4a2ba63e0  430   !   3       java.util.zip.Inflater::inflate (410 bytes)
Event: 0.161 Thread 0x000001e4a2ba63e0 nmethod 430 0x000001e487ea5110 code [0x000001e487ea53e0, 0x000001e487ea6608]
Event: 0.161 Thread 0x000001e4a2ba63e0  433       3       java.lang.Integer::toUnsignedLong (7 bytes)
Event: 0.161 Thread 0x000001e4a2ba63e0 nmethod 433 0x000001e487ea7090 code [0x000001e487ea7220, 0x000001e487ea7318]
Event: 0.161 Thread 0x000001e4a2ba63e0  434       3       sun.misc.Unsafe::putLong (11 bytes)
Event: 0.161 Thread 0x000001e4a2ba63e0 nmethod 434 0x000001e487ea7390 code [0x000001e487ea7520, 0x000001e487ea7638]
Event: 0.161 Thread 0x000001e4a2ba63e0  435       3       org.lwjgl.system.MemoryUtil::memPutAddress (29 bytes)
Event: 0.161 Thread 0x000001e4a2ba63e0 nmethod 435 0x000001e487ea7710 code [0x000001e487ea78c0, 0x000001e487ea7ab8]
Event: 0.161 Thread 0x000001e4a2ba63e0  428       1       java.security.CodeSource::getLocationNoFragString (5 bytes)
Event: 0.161 Thread 0x000001e4a2ba63e0 nmethod 428 0x000001e48f362c90 code [0x000001e48f362e20, 0x000001e48f362ef8]
Event: 0.161 Thread 0x000001e4a2ba63e0  423       3       java.util.zip.CRC32::updateBytesCheck (35 bytes)
Event: 0.161 Thread 0x000001e4a2ba63e0 nmethod 423 0x000001e487ea7b90 code [0x000001e487ea7d60, 0x000001e487ea80c8]

GC Heap History (0 events):
No events

Deoptimization events (4 events):
Event: 0.129 Thread 0x000001e4ffb07a70 DEOPT PACKING pc=0x000001e487e280e7 sp=0x0000007d7e1fbf10
Event: 0.129 Thread 0x000001e4ffb07a70 DEOPT UNPACKING pc=0x000001e4878c6763 sp=0x0000007d7e1fb330 mode 0
Event: 0.131 Thread 0x000001e4ffb07a70 DEOPT PACKING pc=0x000001e487e17151 sp=0x0000007d7e1fbed0
Event: 0.131 Thread 0x000001e4ffb07a70 DEOPT UNPACKING pc=0x000001e4878c6763 sp=0x0000007d7e1fb348 mode 0

Classes loaded (20 events):
Event: 0.146 Loading class java/nio/DirectCharBufferU
Event: 0.146 Loading class java/nio/DirectCharBufferU done
Event: 0.147 Loading class java/nio/DirectFloatBufferU
Event: 0.147 Loading class java/nio/DirectFloatBufferU done
Event: 0.147 Loading class java/nio/DirectDoubleBufferU
Event: 0.147 Loading class java/nio/DirectDoubleBufferU done
Event: 0.147 Loading class sun/misc/Unsafe
Event: 0.147 Loading class sun/misc/Unsafe done
Event: 0.147 Loading class java/lang/invoke/DirectMethodHandle$StaticAccessor
Event: 0.147 Loading class java/lang/invoke/DirectMethodHandle$StaticAccessor done
Event: 0.148 Loading class java/util/function/LongPredicate
Event: 0.148 Loading class java/util/function/LongPredicate done
Event: 0.150 Loading class jdk/internal/access/foreign/MemorySegmentProxy
Event: 0.150 Loading class jdk/internal/access/foreign/MemorySegmentProxy done
Event: 0.152 Loading class java/nio/InvalidMarkException
Event: 0.152 Loading class java/nio/InvalidMarkException done
Event: 0.152 Loading class java/nio/BufferUnderflowException
Event: 0.152 Loading class java/nio/BufferUnderflowException done
Event: 0.154 Loading class java/lang/IndexOutOfBoundsException
Event: 0.154 Loading class java/lang/IndexOutOfBoundsException done

Classes unloaded (0 events):
No events

Classes redefined (0 events):
No events

Internal exceptions (20 events):
Event: 0.086 Thread 0x000001e4ffb07a70 Exception <a 'java/lang/NoSuchMethodError'{0x00000007144bb848}: 'void java.lang.invoke.DirectMethodHandle$Holder.invokeSpecial(java.lang.Object, java.lang.Object, java.lang.Object)'> (0x00000007144bb848) 
thrown [s\open\src\hotspot\share\interpreter\linkResolver.cpp, line 759]
Event: 0.088 Thread 0x000001e4ffb07a70 Exception <a 'java/lang/NoSuchMethodError'{0x00000007144ce660}: 'java.lang.Object java.lang.invoke.DirectMethodHandle$Holder.invokeStatic(java.lang.Object, java.lang.Object, int)'> (0x00000007144ce660) 
thrown [s\open\src\hotspot\share\interpreter\linkResolver.cpp, line 759]
Event: 0.090 Thread 0x000001e4ffb07a70 Exception <a 'java/lang/NoSuchMethodError'{0x00000007144da470}: 'void java.lang.invoke.DelegatingMethodHandle$Holder.delegate(java.lang.Object, java.lang.Object, int, java.lang.Object)'> (0x00000007144da470) 
thrown [s\open\src\hotspot\share\interpreter\linkResolver.cpp, line 759]
Event: 0.090 Thread 0x000001e4ffb07a70 Exception <a 'java/lang/NoSuchMethodError'{0x00000007144de6b8}: 'int java.lang.invoke.DirectMethodHandle$Holder.invokeSpecial(java.lang.Object, java.lang.Object, java.lang.Object)'> (0x00000007144de6b8) 
thrown [s\open\src\hotspot\share\interpreter\linkResolver.cpp, line 759]
Event: 0.094 Thread 0x000001e4ffb07a70 Exception <a 'java/lang/NoSuchMethodError'{0x0000000714500168}: 'void java.lang.System.loadLibrary(java.lang.String, java.lang.Class)'> (0x0000000714500168) 
thrown [s\open\src\hotspot\share\interpreter\linkResolver.cpp, line 759]
Event: 0.101 Thread 0x000001e4ffb07a70 Exception <a 'java/lang/NoSuchMethodError'{0x0000000714559490}: 'void java.lang.System.load(java.lang.String, java.lang.Class)'> (0x0000000714559490) 
thrown [s\open\src\hotspot\share\interpreter\linkResolver.cpp, line 759]
Event: 0.101 Thread 0x000001e4ffb07a70 Exception <a 'java/lang/NoSuchMethodError'{0x000000071455c418}: 'void java.lang.System.loadLibrary(java.lang.String, java.lang.Class)'> (0x000000071455c418) 
thrown [s\open\src\hotspot\share\interpreter\linkResolver.cpp, line 759]
Event: 0.117 Thread 0x000001e4ffb07a70 Exception <a 'sun/nio/fs/WindowsException'{0x0000000714599bf0}> (0x0000000714599bf0) 
thrown [s\open\src\hotspot\share\prims\jni.cpp, line 516]
Event: 0.117 Thread 0x000001e4ffb07a70 Exception <a 'sun/nio/fs/WindowsException'{0x000000071459a140}> (0x000000071459a140) 
thrown [s\open\src\hotspot\share\prims\jni.cpp, line 516]
Event: 0.136 Thread 0x000001e4ffb07a70 Exception <a 'sun/nio/fs/WindowsException'{0x00000007142b81d8}> (0x00000007142b81d8) 
thrown [s\open\src\hotspot\share\prims\jni.cpp, line 516]
Event: 0.136 Thread 0x000001e4ffb07a70 Exception <a 'sun/nio/fs/WindowsException'{0x00000007142b8580}> (0x00000007142b8580) 
thrown [s\open\src\hotspot\share\prims\jni.cpp, line 516]
Event: 0.140 Thread 0x000001e4ffb07a70 Exception <a 'sun/nio/fs/WindowsException'{0x00000007142bf6f0}> (0x00000007142bf6f0) 
thrown [s\open\src\hotspot\share\prims\jni.cpp, line 516]
Event: 0.140 Thread 0x000001e4ffb07a70 Exception <a 'sun/nio/fs/WindowsException'{0x00000007142bf9d0}> (0x00000007142bf9d0) 
thrown [s\open\src\hotspot\share\prims\jni.cpp, line 516]
Event: 0.145 Thread 0x000001e4ffb07a70 Exception <a 'java/lang/NoSuchMethodError'{0x00000007142f3850}: 'java.lang.Object java.lang.invoke.DirectMethodHandle$Holder.invokeStaticInit(java.lang.Object)'> (0x00000007142f3850) 
thrown [s\open\src\hotspot\share\interpreter\linkResolver.cpp, line 759]
Event: 0.149 Thread 0x000001e4ffb07a70 Exception <a 'java/lang/NoSuchMethodError'{0x0000000714310e48}: 'int java.lang.invoke.DirectMethodHandle$Holder.invokeStaticInit(java.lang.Object, java.lang.Object, int, long)'> (0x0000000714310e48) 
thrown [s\open\src\hotspot\share\interpreter\linkResolver.cpp, line 759]
Event: 0.149 Thread 0x000001e4ffb07a70 Exception <a 'java/lang/NoSuchMethodError'{0x00000007143169b8}: 'java.lang.Object java.lang.invoke.DirectMethodHandle$Holder.newInvokeSpecial(java.lang.Object, java.lang.Object, int)'> (0x00000007143169b8) 
thrown [s\open\src\hotspot\share\interpreter\linkResolver.cpp, line 759]
Event: 0.151 Thread 0x000001e4ffb07a70 Exception <a 'java/lang/NoSuchMethodError'{0x0000000714325aa0}: 'int java.lang.invoke.DirectMethodHandle$Holder.invokeStaticInit(java.lang.Object, java.lang.Object, long, long)'> (0x0000000714325aa0) 
thrown [s\open\src\hotspot\share\interpreter\linkResolver.cpp, line 759]
Event: 0.151 Thread 0x000001e4ffb07a70 Exception <a 'java/lang/NoSuchMethodError'{0x000000071432b828}: 'java.lang.Object java.lang.invoke.DirectMethodHandle$Holder.newInvokeSpecial(java.lang.Object, java.lang.Object, long)'> (0x000000071432b828) 
thrown [s\open\src\hotspot\share\interpreter\linkResolver.cpp, line 759]
Event: 0.151 Thread 0x000001e4ffb07a70 Exception <a 'java/lang/NoSuchMethodError'{0x000000071432f3a0}: 'java.lang.Object java.lang.invoke.Invokers$Holder.linkToTargetMethod(java.lang.Object, long, java.lang.Object)'> (0x000000071432f3a0) 
thrown [s\open\src\hotspot\share\interpreter\linkResolver.cpp, line 759]
Event: 0.152 Thread 0x000001e4ffb07a70 Exception <a 'java/lang/NoSuchMethodError'{0x0000000714336818}: 'int java.lang.invoke.DirectMethodHandle$Holder.invokeStaticInit(java.lang.Object, java.lang.Object, java.lang.Object, long)'> (0x0000000714336818) 
thrown [s\open\src\hotspot\share\interpreter\linkResolver.cpp, line 759]

VM Operations (2 events):
Event: 0.064 Executing VM operation: HandshakeAllThreads
Event: 0.064 Executing VM operation: HandshakeAllThreads done

Events (20 events):
Event: 0.016 Loaded shared library C:\Program Files\Java\jdk-18.0.2.1\bin\jsvml.dll
Event: 0.016 Thread 0x000001e4ffb07a70 Thread added: 0x000001e4ffb07a70
Event: 0.018 Thread 0x000001e4a2b7bdf0 Thread added: 0x000001e4a2b7bdf0
Event: 0.018 Thread 0x000001e4a2b7c790 Thread added: 0x000001e4a2b7c790
Event: 0.027 Thread 0x000001e4a2b96f90 Thread added: 0x000001e4a2b96f90
Event: 0.027 Thread 0x000001e4a2b97d40 Thread added: 0x000001e4a2b97d40
Event: 0.028 Thread 0x000001e4a2b986e0 Thread added: 0x000001e4a2b986e0
Event: 0.028 Thread 0x000001e4a2b99450 Thread added: 0x000001e4a2b99450
Event: 0.028 Thread 0x000001e4a2b9a120 Thread added: 0x000001e4a2b9a120
Event: 0.028 Thread 0x000001e4a2ba63e0 Thread added: 0x000001e4a2ba63e0
Event: 0.028 Thread 0x000001e4a2ba91a0 Thread added: 0x000001e4a2ba91a0
Event: 0.049 Thread 0x000001e4a71e6150 Thread added: 0x000001e4a71e6150
Event: 0.052 Thread 0x000001e4a71ef280 Thread added: 0x000001e4a71ef280
Event: 0.057 Loaded shared library C:\Program Files\Java\jdk-18.0.2.1\bin\net.dll
Event: 0.058 Loaded shared library C:\Program Files\Java\jdk-18.0.2.1\bin\nio.dll
Event: 0.061 Loaded shared library C:\Program Files\Java\jdk-18.0.2.1\bin\zip.dll
Event: 0.104 Loaded shared library C:\Program Files\Java\jdk-18.0.2.1\bin\jimage.dll
Event: 0.118 Loaded shared library C:\Users\sdteo\AppData\Local\Temp\lwjglsdteo\3.3.1-1.86.10\lwjgl.dll
Event: 0.128 Thread 0x000001e4a7281c10 Thread added: 0x000001e4a7281c10
Event: 0.137 Loaded shared library C:\Users\sdteo\AppData\Local\Temp\lwjglsdteo\3.3.1-1.86.10\lwjgl_opengl.dll


Dynamic libraries:
0x00007ff77a180000 - 0x00007ff77a190000 	C:\Program Files\Java\jdk-18.0.2.1\bin\java.exe
0x00007ff901310000 - 0x00007ff901524000 	C:\WINDOWS\SYSTEM32\ntdll.dll
0x00007ff900440000 - 0x00007ff900502000 	C:\WINDOWS\System32\KERNEL32.DLL
0x00007ff8fe8c0000 - 0x00007ff8fec63000 	C:\WINDOWS\System32\KERNELBASE.dll
0x00007ff8fede0000 - 0x00007ff8feef1000 	C:\WINDOWS\System32\ucrtbase.dll
0x00007ff8b8940000 - 0x00007ff8b8958000 	C:\Program Files\Java\jdk-18.0.2.1\bin\jli.dll
0x00007ff9011c0000 - 0x00007ff90126e000 	C:\WINDOWS\System32\ADVAPI32.dll
0x00007ff8b88e0000 - 0x00007ff8b88fa000 	C:\Program Files\Java\jdk-18.0.2.1\bin\VCRUNTIME140.dll
0x00007ff8ff770000 - 0x00007ff8ff817000 	C:\WINDOWS\System32\msvcrt.dll
0x00007ff900990000 - 0x00007ff900a34000 	C:\WINDOWS\System32\sechost.dll
0x00007ff900a40000 - 0x00007ff900b57000 	C:\WINDOWS\System32\RPCRT4.dll
0x00007ff8ff930000 - 0x00007ff8ffadb000 	C:\WINDOWS\System32\USER32.dll
0x00007ff8ff0e0000 - 0x00007ff8ff106000 	C:\WINDOWS\System32\win32u.dll
0x00007ff900dc0000 - 0x00007ff900de9000 	C:\WINDOWS\System32\GDI32.dll
0x00007ff8e0fe0000 - 0x00007ff8e126e000 	C:\WINDOWS\WinSxS\amd64_microsoft.windows.common-controls_6595b64144ccf1df_6.0.22621.1635_none_270f70857386168e\COMCTL32.dll
0x00007ff8fefc0000 - 0x00007ff8ff0d8000 	C:\WINDOWS\System32\gdi32full.dll
0x00007ff8fe730000 - 0x00007ff8fe7ca000 	C:\WINDOWS\System32\msvcp_win.dll
0x00007ff8fe390000 - 0x00007ff8fe39a000 	C:\WINDOWS\SYSTEM32\VERSION.dll
0x00007ff8ffae0000 - 0x00007ff8ffb11000 	C:\WINDOWS\System32\IMM32.DLL
0x0000000062170000 - 0x000000006217c000 	C:\Program Files (x86)\360\Total Security\safemon\SafeWrapper.dll
0x00007ff89a120000 - 0x00007ff89a1b2000 	C:\Program Files (x86)\360\Total Security\safemon\libzdtp64.dll
0x00007ff8ffc40000 - 0x00007ff90043a000 	C:\WINDOWS\System32\SHELL32.dll
0x00007ff901150000 - 0x00007ff9011ae000 	C:\WINDOWS\System32\SHLWAPI.dll
0x00007ff8c2af0000 - 0x00007ff8c2afc000 	C:\Program Files\Java\jdk-18.0.2.1\bin\vcruntime140_1.dll
0x00007ff86a8a0000 - 0x00007ff86a92d000 	C:\Program Files\Java\jdk-18.0.2.1\bin\msvcp140.dll
0x00007ff8631f0000 - 0x00007ff863e01000 	C:\Program Files\Java\jdk-18.0.2.1\bin\server\jvm.dll
0x00007ff8ff690000 - 0x00007ff8ff698000 	C:\WINDOWS\System32\PSAPI.DLL
0x00007ff8f6ec0000 - 0x00007ff8f6ec9000 	C:\WINDOWS\SYSTEM32\WSOCK32.dll
0x00007ff900df0000 - 0x00007ff900e61000 	C:\WINDOWS\System32\WS2_32.dll
0x00007ff8f2c70000 - 0x00007ff8f2ca4000 	C:\WINDOWS\SYSTEM32\WINMM.dll
0x00007ff8fd7d0000 - 0x00007ff8fd7e8000 	C:\WINDOWS\SYSTEM32\kernel.appcore.dll
0x00007ff8bd550000 - 0x00007ff8bd55a000 	C:\Program Files\Java\jdk-18.0.2.1\bin\jimage.dll
0x00007ff8fc040000 - 0x00007ff8fc26e000 	C:\WINDOWS\SYSTEM32\DBGHELP.DLL
0x00007ff8ff110000 - 0x00007ff8ff499000 	C:\WINDOWS\System32\combase.dll
0x00007ff900ce0000 - 0x00007ff900db7000 	C:\WINDOWS\System32\OLEAUT32.dll
0x00007ff8ed560000 - 0x00007ff8ed592000 	C:\WINDOWS\SYSTEM32\dbgcore.DLL
0x00007ff8fe840000 - 0x00007ff8fe8bb000 	C:\WINDOWS\System32\bcryptPrimitives.dll
0x00007ff8a36c0000 - 0x00007ff8a36e5000 	C:\Program Files\Java\jdk-18.0.2.1\bin\java.dll
0x00007ff869d60000 - 0x00007ff869e36000 	C:\Program Files\Java\jdk-18.0.2.1\bin\jsvml.dll
0x00007ff8fc670000 - 0x00007ff8fcf3e000 	C:\WINDOWS\SYSTEM32\windows.storage.dll
0x00007ff8fc530000 - 0x00007ff8fc66e000 	C:\WINDOWS\SYSTEM32\wintypes.dll
0x00007ff8ffb20000 - 0x00007ff8ffc11000 	C:\WINDOWS\System32\SHCORE.dll
0x00007ff8fe660000 - 0x00007ff8fe681000 	C:\WINDOWS\SYSTEM32\profapi.dll
0x00007ff8b3b50000 - 0x00007ff8b3b63000 	C:\Program Files\Java\jdk-18.0.2.1\bin\net.dll
0x00007ff8f3d20000 - 0x00007ff8f3e57000 	C:\WINDOWS\SYSTEM32\WINHTTP.dll
0x00007ff8fdc50000 - 0x00007ff8fdcb9000 	C:\WINDOWS\system32\mswsock.dll
0x00007ff8b28e0000 - 0x00007ff8b28f6000 	C:\Program Files\Java\jdk-18.0.2.1\bin\nio.dll
0x00007ff8b27d0000 - 0x00007ff8b27e8000 	C:\Program Files\Java\jdk-18.0.2.1\bin\zip.dll
0x00007ff8a16c0000 - 0x00007ff8a1735000 	C:\Users\sdteo\AppData\Local\Temp\lwjglsdteo\3.3.1-1.86.10\lwjgl.dll
0x00007ff8bd630000 - 0x00007ff8bd68d000 	C:\Users\sdteo\AppData\Local\Temp\lwjglsdteo\3.3.1-1.86.10\lwjgl_opengl.dll
0x00007ff8d9340000 - 0x00007ff8d9440000 	C:\WINDOWS\SYSTEM32\opengl32.dll
0x00007ff8d86f0000 - 0x00007ff8d871d000 	C:\WINDOWS\SYSTEM32\GLU32.dll
0x00007ff8fb790000 - 0x00007ff8fb7c6000 	C:\WINDOWS\SYSTEM32\dxcore.dll

dbghelp: loaded successfully - version: 4.0.5 - missing functions: none
symbol engine: initialized successfully - sym options: 0x614 - pdb path: .;C:\Program Files\Java\jdk-18.0.2.1\bin;C:\WINDOWS\SYSTEM32;C:\WINDOWS\WinSxS\amd64_microsoft.windows.common-controls_6595b64144ccf1df_6.0.22621.1635_none_270f70857386168e;C:\Program Files (x86)\360\Total Security\safemon;C:\Program Files\Java\jdk-18.0.2.1\bin\server;C:\Users\sdteo\AppData\Local\Temp\lwjglsdteo\3.3.1-1.86.10

VM Arguments:
jvm_args: -Dfile.encoding=windows-31j -Duser.country=US -Duser.language=en -Duser.variant 
java_command: Main
java_class_path (initial): S:\Documents\w\2023@O\vO~OKQ\build\classes\java\main;S:\Documents\w\2023@O\vO~OKQ\build\resources\main;S:\Documents\w\2023@O\vO~OKQ\libs\core.jar;S:\Documents\w\2023@O\vO~OKQ\libs\gluegen-rt.jar;S:\Documents\w\2023@O\vO~OKQ\libs\imgui-app-1.86.10-all.jar;S:\Documents\w\2023@O\vO~OKQ\libs\imgui-app-1.86.10-javadoc.jar;S:\Documents\w\2023@O\vO~OKQ\libs\imgui-app-1.86.10-sources.jar;S:\Documents\w\2023@O\vO~OKQ\libs\imgui-app-1.86.10.jar;S:\Documents\w\2023@O\vO~OKQ\libs\imgui-binding-1.86.10-javadoc.jar;S:\Documents\w\2023@O\vO~OKQ\libs\imgui-binding-1.86.10-sources.jar;S:\Documents\w\2023@O\vO~OKQ\libs\imgui-binding-1.86.10.jar;S:\Documents\w\2023@O\vO~OKQ\libs\jogl-all.jar;S:\Documents\w\2023@O\vO~OKQ\libs\joml-1.10.5.jar;C:\Users\sdteo\.gradle\caches\modules-2\files-2.1\io.github.spair\imgui-java-lwjgl3\1.86.10\c48959a4337d5043840cda8c010bb387d0ef2c36\imgui-java-lwjgl3-1.86.10.jar;C:\Users\sdteo\.gradle\caches\modules-2\files-2.1\io.github.spair\imgui-java-binding\1.86.10\7f746c4f0afabac30aeb76907765a5893c48cdac\imgui-java-binding-1.86.10.jar;C:\Users\sdteo\.gradle\caches\modules-2\files-2.1\io.github.spair\imgui-java-natives-windows\1.86.10\89acf6ceff6de4e4fdb14ba8d0cab17d18004557\imgui-java-natives-windows-1.86.10.jar;C:\Users\sdteo\.gradle\caches\modules-2\files-2.1\org.lwjgl\lwjgl-assimp\3.3.2\e5238c13abef6b0fd6e1b4320d3c8cd0c10bfe61\lwjgl-assimp-3.3.2.jar;C:\Users\sdteo\.gradle\caches\modules-2\files-2.1\org.lwjgl\lwjgl-assimp\3.3.2\54edbc8767bde24b73187c229dbd552228230c8a\lwjgl-assimp-3.3.2-natives-windows.jar;C:\Users\sdteo\.gradle\caches\modules-2\files-2.1\org.lwjgl\lwjgl-glfw\3.3.2\757920418805fb90bfebb3d46b1d9e7669fca2eb\lwjgl-glfw-3.3.2.jar;C:\Users\sdteo\.gradle\caches\modules-2\files-2.1\org.lwjgl\lwjgl-glfw\3.3.2\1251e3cb7e5d6159334cfb9244f789ce992f03b\lwjgl-glfw-3.3.2-natives-windows.jar;C:\Users\sdteo\.gradle\caches\modules-2\files-2.1\org.lwjgl\lwjgl-openal\3.3.2\ae5357ed6d934546d3533993ea84c0cfb75eed95\lwjgl-openal-3.3.2.jar;C:\Users\sdteo\.gradle\caches\modules-2\files-2.1\org.lwjgl\lwjgl-openal\3.3.2\e74f299a602192faaf14b917632e4cbbb493c940\lwjgl-openal-3.3.2-natives-windows.jar;C:\Users\sdteo\.gradle\caches\modules-2\files-2.1\org.lwjgl\lwjgl-opengl\3.3.2\ee8e95be0b438602038bc1f02dc5e3d011b1b216\lwjgl-opengl-3.3.2.jar;C:\Users\sdteo\.gradle\caches\modules-2\files-2.1\org.lwjgl\lwjgl-opengl\3.3.2\83cd34469d4e0bc335bf74c7f62206530a9480bf\lwjgl-opengl-3.3.2-natives-windows.jar;C:\Users\sdteo\.gradle\caches\modules-2\files-2.1\org.lwjgl\lwjgl-stb\3.3.2\a2550795014d622b686e9caac50b14baa87d2c70\lwjgl-stb-3.3.2.jar;C:\Users\sdteo\.gradle\caches\modules-2\files-2.1\org.lwjgl\lwjgl-stb\3.3.2\1c4f4b8353bdb78c5264ab921436f03fc9aa1ba5\lwjgl-stb-3.3.2-natives-windows.jar;C:\Users\sdteo\.gradle\caches\modules-2\files-2.1\org.lwjgl\lwjgl-tinyfd\3.3.2\9f65c248dd77934105274fcf8351abb75b34327c\lwjgl-tinyfd-3.3.2.jar;C:\Users\sdteo\.gradle\caches\modules-2\files-2.1\org.lwjgl\lwjgl-tinyfd\3.3.2\54a93ed247d20007a6f579355263fdc2c030753a\lwjgl-tinyfd-3.3.2-natives-windows.jar;C:\Users\sdteo\.gradle\caches\modules-2\files-2.1\org.lwjgl\lwjgl\3.3.2\4421d94af68e35dcaa31737a6fc59136a1e61b94\lwjgl-3.3.2.jar;C:\Users\sdteo\.gradle\caches\modules-2\files-2.1\org.lwjgl\lwjgl\3.3.2\a55169ced70ffcd15f2162daf4a9c968578f6cd5\lwjgl-3.3.2-natives-windows.jar;C:\Users\sdteo\.gradle\caches\modules-2\files-2.1\org.joml\joml\1.10.5\22566d58af70ad3d72308bab63b8339906deb649\joml-1.10.5.jar;C:\Users\sdteo\.gradle\caches\modules-2\files-2.1\com.fasterxml.jackson.core\jackson-annotations\2.15.1\92a90d3739e970e03b5971839e4fe51f13c1fa3\jackson-annotations-2.15.1.jar;C:\Users\sdteo\.gradle\caches\modules-2\files-2.1\com.fasterxml.jackson.core\jackson-databind\2.15.1\ac9ba74d208faf356e4719a49e59c6ea9237c01d\jackson-databind-2.15.1.jar;C:\Users\sdteo\.gradle\caches\modules-2\files-2.1\com.fasterxml.jackson.core\jackson-core\2.15.1\241c054ba8503de092a12acad9f083dd39935cc0\jackson-core-2.15.1.jar
Launcher Type: SUN_STANDARD

[Global flags]
     intx CICompilerCount                          = 4                                         {product} {ergonomic}
     uint ConcGCThreads                            = 2                                         {product} {ergonomic}
     uint G1ConcRefinementThreads                  = 8                                         {product} {ergonomic}
   size_t G1HeapRegionSize                         = 2097152                                   {product} {ergonomic}
    uintx GCDrainStackTargetSize                   = 64                                        {product} {ergonomic}
   size_t InitialHeapSize                          = 264241152                                 {product} {ergonomic}
   size_t MarkStackSize                            = 4194304                                   {product} {ergonomic}
   size_t MaxHeapSize                              = 4215275520                                {product} {ergonomic}
   size_t MaxNewSize                               = 2529165312                                {product} {ergonomic}
   size_t MinHeapDeltaBytes                        = 2097152                                   {product} {ergonomic}
   size_t MinHeapSize                              = 8388608                                   {product} {ergonomic}
    uintx NonNMethodCodeHeapSize                   = 5839372                                {pd product} {ergonomic}
    uintx NonProfiledCodeHeapSize                  = 122909434                              {pd product} {ergonomic}
    uintx ProfiledCodeHeapSize                     = 122909434                              {pd product} {ergonomic}
    uintx ReservedCodeCacheSize                    = 251658240                              {pd product} {ergonomic}
     bool SegmentedCodeCache                       = true                                      {product} {ergonomic}
   size_t SoftMaxHeapSize                          = 4215275520                             {manageable} {ergonomic}
     bool UseCompressedClassPointers               = true                           {product lp64_product} {ergonomic}
     bool UseCompressedOops                        = true                           {product lp64_product} {ergonomic}
     bool UseG1GC                                  = true                                      {product} {ergonomic}
     bool UseLargePagesIndividualAllocation        = false                                  {pd product} {ergonomic}

Logging:
Log output configuration:
 #0: stdout all=warning uptime,level,tags foldmultilines=false
 #1: stderr all=off uptime,level,tags foldmultilines=false

Environment Variables:
JAVA_HOME=C:\Program Files\Java\jdk-19
PATH=C:\Users\sdteo\Scripts\;C:\Users\sdteo\;C:\Program Files\Common Files\Oracle\Java\javapath;C:\WINDOWS\system32;C:\WINDOWS;C:\WINDOWS\System32\Wbem;C:\WINDOWS\System32\WindowsPowerShell\v1.0\;C:\WINDOWS\System32\OpenSSH\;C:\Users\sdteo\AppData\Roaming\nvm;C:\Program Files\nodejs;C:\Windows\System32\WindowsPowerShell\v1.0;C:\ProgramData\chocolatey\bin;C:\Program Files\7-Zip\7z.exe;C:\Program Files\NVIDIA Corporation\NVIDIA NvDLISR;C:\Program Files (x86)\NVIDIA Corporation\PhysX\Common;C:\Program Files\dotnet\;C:\Program Files\CMake\bin;C:\Program Files\Git\cmd;C:\apache-ant-1.9.16\bin;C:\Gradle\bin;C:\apache-maven-3.9.2\bin;C:\Ruby32-x64\bin;C:\Users\sdteo\Scripts\;C:\Users\sdteo\;C:\Program Files\Common Files\Oracle\Java\javapath;C:\WINDOWS\system32;C:\WINDOWS;C:\WINDOWS\System32\Wbem;C:\WINDOWS\System32\WindowsPowerShell\v1.0\;C:\WINDOWS\System32\OpenSSH\;C:\Users\sdteo\AppData\Roaming\nvm;C:\Program Files\nodejs;C:\Windows\System32\WindowsPowerShell\v1.0;C:\ProgramData\chocolatey\bin;C:\Program Files\7-Zip\7z.exe;C:\Program Files\NVIDIA Corporation\NVIDIA NvDLISR;C:\Program Files (x86)\NVIDIA Corporation\PhysX\Common;C:\Program Files\dotnet\;C:\Program Files\CMake\bin;C:\Program Files\Git\cmd;C:\apache-ant-1.9.16\bin;C:\Gradle\bin;C:\apache-maven-3.9.2\bin;;C:\Program Files\7-Zip;C:\msys64\mingw64\bin;C:\Users\sdteo\AppData\Local\Programs\Microsoft VS Code\bin;C:\Users\sdteo\AppData\Roaming\Microsoft\Windows\Start Menu\Programs\Netwide Assembler 2.16.01;C:\Program Files\Java\jdk-19\bin;C:\tools\neovim\nvim-win64\bin;S:\Desktop\processing-4.2;C:\Users\sdteo\.dotnet\tools;C:\ProgramData\Microsoft\Windows\Start Menu\Programs\CMake;S:\Shader\glslang\BUILD\install\bin;
USERNAME=sdteo
OS=Windows_NT
PROCESSOR_IDENTIFIER=Intel64 Family 6 Model 140 Stepping 1, GenuineIntel



---------------  S Y S T E M  ---------------

OS:
 Windows 11 , 64 bit Build 22621 (10.0.22621.1635)
OS uptime: 0 days 8:25 hours
Hyper-V role detected

CPU: total 8 (initial active 8) (4 cores per cpu, 2 threads per core) family 6 model 140 stepping 1 microcode 0xa4, cx8, cmov, fxsr, ht, mmx, 3dnowpref, sse, sse2, sse3, ssse3, sse4.1, sse4.2, popcnt, lzcnt, tsc, tscinvbit, avx, avx2, aes, erms, clmul, bmi1, bmi2, adx, avx512f, avx512dq, avx512cd, avx512bw, avx512vl, sha, fma, vzeroupper, avx512_vpopcntdq, avx512_vpclmulqdq, avx512_vaes, avx512_vnni, clflush, clflushopt, clwb, avx512_vbmi2, avx512_vbmi, hv

Memory: 4k page, system-wide physical 16075M (4929M free)
TotalPageFile size 20427M (AvailPageFile size 4675M)
current process WorkingSet (physical memory assigned to process): 43M, peak: 43M
current process commit charge ("private bytes"): 344M, peak: 344M

vm_info: Java HotSpot(TM) 64-Bit Server VM (18.0.2.1+1-1) for windows-amd64 JRE (18.0.2.1+1-1), built on Aug 16 2022 01:46:33 by "mach5one" with MS VC++ 16.8 / 16.9 (VS2019)

END.
