#
# A fatal error has been detected by the Java Runtime Environment:
#
#  EXCEPTION_ACCESS_VIOLATION (0xc0000005) at pc=0x00007ff85f1d1ba4, pid=816, tid=2916
#
# JRE version: Java(TM) SE Runtime Environment (18.0.2.1+1) (build 18.0.2.1+1-1)
# Java VM: Java HotSpot(TM) 64-Bit Server VM (18.0.2.1+1-1, mixed mode, sharing, tiered, compressed oops, compressed class ptrs, g1 gc, windows-amd64)
# Problematic frame:
# C  [igxelpicd64.dll+0x341ba4]
#
# No core dump will be written. Minidumps are not enabled by default on client versions of Windows
#
# If you would like to submit a bug report, please visit:
#   https://bugreport.java.com/bugreport/crash.jsp
# The crash happened outside the Java Virtual Machine in native code.
# See problematic frame for where to report the bug.
#

---------------  S U M M A R Y ------------

Command Line: -Dfile.encoding=windows-31j -Duser.country=US -Duser.language=en -Duser.variant Main

Host: 11th Gen Intel(R) Core(TM) i7-1165G7 @ 2.80GHz, 8 cores, 15G,  Windows 11 , 64 bit Build 22621 (10.0.22621.1635)
Time: Wed Jun 14 16:07:03 2023 Tokyo Standard Time elapsed time: 0.825212 seconds (0d 0h 0m 0s)

---------------  T H R E A D  ---------------

Current thread (0x0000026035e0e850):  JavaThread "main" [_thread_in_native, id=2916, stack(0x000000e44e000000,0x000000e44e100000)]

Stack: [0x000000e44e000000,0x000000e44e100000],  sp=0x000000e44e0ff370,  free space=1020k
Native frames: (J=compiled Java code, j=interpreted, Vv=VM code, C=native code)
C  [igxelpicd64.dll+0x341ba4]

Java frames: (J=compiled Java code, j=interpreted, Vv=VM code)
j  org.lwjgl.opengl.GL30C.nglClearBufferfv(IIJ)V+0
j  org.lwjgl.opengl.GL30C.glClearBufferfv(IILjava/nio/FloatBuffer;)V+17
j  org.lwjgl.opengl.GL30.glClearBufferfv(IILjava/nio/FloatBuffer;)V+3
j  Main.loop()V+77
j  Main.run()V+19
j  Main.main([Ljava/lang/String;)V+7
v  ~StubRoutines::call_stub

siginfo: EXCEPTION_ACCESS_VIOLATION (0xc0000005), reading address 0x0000000000000010


Register to memory mapping:

RIP=0x00007ff85f1d1ba4 igxelpicd64.dll
RAX=0x00007ff85f1d1ba0 igxelpicd64.dll
RBX={method} {0x000002605919bab0} 'nglClearBufferfv' '(IIJ)V' in 'org/lwjgl/opengl/GL30C'
RCX=0x0000000000001800 is an unknown value
RDX=0x0 is NULL
RSP=0x000000e44e0ff370 is pointing into the stack for thread: 0x0000026035e0e850
RBP=0x000000e44e0ff448 is pointing into the stack for thread: 0x0000026035e0e850
RSI=0x0000000000000010 is an unknown value
RDI=0x0000000000000120 is an unknown value
R8 =0x0000000000000010 is an unknown value
R9 =0x0 is NULL
R10=0x000002605d7ea010 points into unknown readable memory: 0x00007ff8d93676a0 | a0 76 36 d9 f8 7f 00 00
R11=0x0000000000001800 is an unknown value
R12=0x0 is NULL
R13={method} {0x000002605919bab0} 'nglClearBufferfv' '(IIJ)V' in 'org/lwjgl/opengl/GL30C'
R14=0x000000e44e0ff480 is pointing into the stack for thread: 0x0000026035e0e850
R15=0x0000026035e0e850 is a thread


Registers:
RAX=0x00007ff85f1d1ba0, RBX=0x000002605919baa8, RCX=0x0000000000001800, RDX=0x0000000000000000
RSP=0x000000e44e0ff370, RBP=0x000000e44e0ff448, RSI=0x0000000000000010, RDI=0x0000000000000120
R8 =0x0000000000000010, R9 =0x0000000000000000, R10=0x000002605d7ea010, R11=0x0000000000001800
R12=0x0000000000000000, R13=0x000002605919baa8, R14=0x000000e44e0ff480, R15=0x0000026035e0e850
RIP=0x00007ff85f1d1ba4, EFLAGS=0x0000000000010202

Top of Stack: (sp=0x000000e44e0ff370)
0x000000e44e0ff370:   000002605919baa8 0000026035e0e850
0x000000e44e0ff380:   0000000000000120 000002603d71d48e
0x000000e44e0ff390:   000002605919baa8 000002605919baa8
0x000000e44e0ff3a0:   0000026035e0e850 0000026059026e90
0x000000e44e0ff3b0:   0000000000000120 000002603d71d621
0x000000e44e0ff3c0:   000002605919baa8 000000e44e0ff448
0x000000e44e0ff3d0:   0000000000000010 0000000000000010
0x000000e44e0ff3e0:   0000000000000010 000000e44e0ff460
0x000000e44e0ff3f0:   000002603d7195cd 000002603d71d2f6
0x000000e44e0ff400:   000000e44e0ff400 000002605919baa8
0x000000e44e0ff410:   000000e44e0ff480 00000260591d82c0
0x000000e44e0ff420:   0000000000000000 00000007131b1700
0x000000e44e0ff430:   000002605919baa8 0000000000000000
0x000000e44e0ff440:   000000e44e0ff468 000000e44e0ff4d0
0x000000e44e0ff450:   000002603d7194fe 00000007131b1700
0x000000e44e0ff460:   000002603d71af78 0000000000000010 

Instructions: (pc=0x00007ff85f1d1ba4)
0x00007ff85f1d1aa4:   00 00 44 8b dd 41 8b b2 84 46 00 00 41 8b 82 88
0x00007ff85f1d1ab4:   46 00 00 0f 85 c7 bf 79 00 8b cd 89 4c 24 20 89
0x00007ff85f1d1ac4:   74 24 28 44 89 5c 24 24 89 44 24 2c 3b f1 7e 39
0x00007ff85f1d1ad4:   41 3b c3 7e 34 81 bb 9c 07 00 00 00 1c 00 00 75
0x00007ff85f1d1ae4:   28 39 ab 84 ff 03 00 48 8d b3 40 5c 03 00 0f 85
0x00007ff85f1d1af4:   cc bf 79 00 89 ae 48 a3 00 00 4c 8d 44 24 20 8b
0x00007ff85f1d1b04:   d7 48 8b cb e8 23 54 02 00 48 8b 6c 24 40 48 8b
0x00007ff85f1d1b14:   5c 24 48 48 8b 74 24 50 48 83 c4 30 5f c3 40 38
0x00007ff85f1d1b24:   ab 0c 0c 00 00 0f 85 33 ff ff ff e9 2a ff ff ff
0x00007ff85f1d1b34:   48 8b 83 b0 0c 00 00 f7 00 00 00 00 02 75 1a 48
0x00007ff85f1d1b44:   8d 93 3c 0c 00 00 8b 83 ac 0c 00 00 85 02 0f 85
0x00007ff85f1d1b54:   2b ff ff ff e9 22 ff ff ff 48 8d 93 74 0c 00 00
0x00007ff85f1d1b64:   eb e4 cc cc cc cc cc cc cc cc cc cc 48 83 ec 48
0x00007ff85f1d1b74:   44 8b c2 44 89 4c 24 28 8b d1 f3 0f 11 54 24 20
0x00007ff85f1d1b84:   33 c9 e8 15 ed ff ff 48 83 c4 48 c3 cc cc cc cc
0x00007ff85f1d1b94:   cc cc cc cc cc cc cc cc cc cc cc cc 48 83 ec 48
0x00007ff85f1d1ba4:   f3 41 0f 10 00 4d 8b c8 44 8b c2 c6 44 24 38 00
0x00007ff85f1d1bb4:   8b d1 f3 0f 11 44 24 20 33 c9 e8 3d f0 ff ff 48
0x00007ff85f1d1bc4:   83 c4 48 c3 cc cc cc cc cc cc cc cc 48 83 ec 48
0x00007ff85f1d1bd4:   41 8b 00 4d 8b c8 44 8b c2 c6 44 24 38 00 8b d1
0x00007ff85f1d1be4:   89 44 24 28 0f 57 c0 33 c9 f3 0f 11 44 24 20 e8
0x00007ff85f1d1bf4:   b8 f7 ff ff 48 83 c4 48 c3 cc cc cc cc cc cc cc
0x00007ff85f1d1c04:   cc cc cc cc cc cc cc cc cc cc cc cc 48 83 ec 48
0x00007ff85f1d1c14:   4d 8b c8 c6 44 24 38 00 44 8b c2 8b d1 33 c9 e8
0x00007ff85f1d1c24:   e8 f3 ff ff 48 83 c4 48 c3 cc cc cc cc cc cc cc
0x00007ff85f1d1c34:   cc cc cc cc cc cc cc cc cc cc cc cc 48 83 ec 48
0x00007ff85f1d1c44:   8b 44 24 70 89 44 24 28 f3 0f 11 5c 24 20 e8 49
0x00007ff85f1d1c54:   ec ff ff 48 83 c4 48 c3 cc cc cc cc cc cc cc cc
0x00007ff85f1d1c64:   cc cc cc cc cc cc cc cc cc cc cc cc 48 83 ec 48
0x00007ff85f1d1c74:   f3 41 0f 10 01 c6 44 24 38 01 f3 0f 11 44 24 20
0x00007ff85f1d1c84:   e8 77 ef ff ff 48 83 c4 48 c3 cc cc cc cc cc cc
0x00007ff85f1d1c94:   cc cc cc cc cc cc cc cc cc cc cc cc 48 83 ec 48 


Stack slot to memory mapping:
stack at sp + 0 slots: {method} {0x000002605919bab0} 'nglClearBufferfv' '(IIJ)V' in 'org/lwjgl/opengl/GL30C'
stack at sp + 1 slots: 0x0000026035e0e850 is a thread
stack at sp + 2 slots: 0x0000000000000120 is an unknown value
stack at sp + 3 slots: 0x000002603d71d48e is at code_begin+590 in an Interpreter codelet
method entry point (kind = native)  [0x000002603d71d240, 0x000002603d71dbc0]  2432 bytes
stack at sp + 4 slots: {method} {0x000002605919bab0} 'nglClearBufferfv' '(IIJ)V' in 'org/lwjgl/opengl/GL30C'
stack at sp + 5 slots: {method} {0x000002605919bab0} 'nglClearBufferfv' '(IIJ)V' in 'org/lwjgl/opengl/GL30C'
stack at sp + 6 slots: 0x0000026035e0e850 is a thread
stack at sp + 7 slots: 0x0000026059026e90 is pointing into metadata


---------------  P R O C E S S  ---------------

Threads class SMR info:
_java_thread_list=0x000002605d7e06c0, length=13, elements={
0x0000026035e0e850, 0x00000260585841f0, 0x0000026058584f60, 0x000002605859ca60,
0x000002605859d400, 0x000002605859e170, 0x00000260585a23e0, 0x00000260585a3480,
0x00000260585ae250, 0x000002605cc08070, 0x000002605cd24f50, 0x000002605cd282b0,
0x0000026064e69340
}

Java Threads: ( => current thread )
=>0x0000026035e0e850 JavaThread "main" [_thread_in_native, id=2916, stack(0x000000e44e000000,0x000000e44e100000)]
  0x00000260585841f0 JavaThread "Reference Handler" daemon [_thread_blocked, id=16672, stack(0x000000e44e700000,0x000000e44e800000)]
  0x0000026058584f60 JavaThread "Finalizer" daemon [_thread_blocked, id=15856, stack(0x000000e44e800000,0x000000e44e900000)]
  0x000002605859ca60 JavaThread "Signal Dispatcher" daemon [_thread_blocked, id=19788, stack(0x000000e44e900000,0x000000e44ea00000)]
  0x000002605859d400 JavaThread "Attach Listener" daemon [_thread_blocked, id=17900, stack(0x000000e44ea00000,0x000000e44eb00000)]
  0x000002605859e170 JavaThread "Service Thread" daemon [_thread_blocked, id=20700, stack(0x000000e44eb00000,0x000000e44ec00000)]
  0x00000260585a23e0 JavaThread "Monitor Deflation Thread" daemon [_thread_blocked, id=20508, stack(0x000000e44ec00000,0x000000e44ed00000)]
  0x00000260585a3480 JavaThread "C2 CompilerThread0" daemon [_thread_blocked, id=23196, stack(0x000000e44ed00000,0x000000e44ee00000)]
  0x00000260585ae250 JavaThread "C1 CompilerThread0" daemon [_thread_blocked, id=16776, stack(0x000000e44ee00000,0x000000e44ef00000)]
  0x000002605cc08070 JavaThread "Sweeper thread" daemon [_thread_blocked, id=11332, stack(0x000000e44ef00000,0x000000e44f000000)]
  0x000002605cd24f50 JavaThread "Notification Thread" daemon [_thread_blocked, id=12768, stack(0x000000e44f000000,0x000000e44f100000)]
  0x000002605cd282b0 JavaThread "Common-Cleaner" daemon [_thread_blocked, id=11388, stack(0x000000e44f200000,0x000000e44f300000)]
  0x0000026064e69340 JavaThread "C2 CompilerThread1" daemon [_thread_blocked, id=19484, stack(0x000000e44f300000,0x000000e44f400000)]

Other Threads:
  0x00000260585805b0 VMThread "VM Thread" [stack: 0x000000e44e600000,0x000000e44e700000] [id=18304]
  0x000002605cd27830 WatcherThread "VM Periodic Task Thread" [stack: 0x000000e44f100000,0x000000e44f200000] [id=14452]
  0x0000026035e7d420 WorkerThread "GC Thread#0" [stack: 0x000000e44e100000,0x000000e44e200000] [id=11924]
  0x00000260654dd6c0 WorkerThread "GC Thread#1" [stack: 0x000000e44fa00000,0x000000e44fb00000] [id=16960]
  0x00000260655ae170 WorkerThread "GC Thread#2" [stack: 0x000000e44fb00000,0x000000e44fc00000] [id=10780]
  0x00000260655ae410 WorkerThread "GC Thread#3" [stack: 0x000000e44fc00000,0x000000e44fd00000] [id=7612]
  0x0000026065241020 WorkerThread "GC Thread#4" [stack: 0x000000e44fd00000,0x000000e44fe00000] [id=20376]
  0x0000026065571810 WorkerThread "GC Thread#5" [stack: 0x000000e44fe00000,0x000000e44ff00000] [id=23396]
  0x0000026065571ec0 WorkerThread "GC Thread#6" [stack: 0x000000e44ff00000,0x000000e450000000] [id=7732]
  0x000002606540eb80 WorkerThread "GC Thread#7" [stack: 0x000000e450000000,0x000000e450100000] [id=16836]
  0x0000026035e8dff0 ConcurrentGCThread "G1 Main Marker" [stack: 0x000000e44e200000,0x000000e44e300000] [id=18484]
  0x0000026035e8f550 WorkerThread "G1 Conc#0" [stack: 0x000000e44e300000,0x000000e44e400000] [id=15468]
  0x0000026058432fa0 ConcurrentGCThread "G1 Refine#0" [stack: 0x000000e44e400000,0x000000e44e500000] [id=20224]
  0x0000026058434760 ConcurrentGCThread "G1 Service" [stack: 0x000000e44e500000,0x000000e44e600000] [id=3304]

Threads with active compile tasks:

VM state: not at safepoint (normal execution)

VM Mutex/Monitor currently owned by a thread: None

Heap address: 0x0000000704c00000, size: 4020 MB, Compressed Oops mode: Zero based, Oop shift amount: 3

CDS archive(s) mapped at: [0x0000000800000000-0x0000000800ba0000-0x0000000800ba0000), size 12189696, SharedBaseAddress: 0x0000000800000000, ArchiveRelocationMode: 0.
Compressed class space mapped at: 0x0000000800c00000-0x0000000840c00000, reserved size: 1073741824
Narrow klass base: 0x0000000800000000, Narrow klass shift: 0, Narrow klass range: 0x100000000

GC Precious Log:
 CardTable entry size: 512
 Card Set container configuration: InlinePtr #cards 4 size 8 Array Of Cards #cards 16 size 48 Howl #buckets 8 coarsen threshold 3686 Howl Bitmap #cards 512 size 80 coarsen threshold 460 Card regions per heap region 1 cards per card region 4096
 CPUs: 8 total, 8 available
 Memory: 16075M
 Large Page Support: Disabled
 NUMA Support: Disabled
 Compressed Oops: Enabled (Zero based)
 Heap Region Size: 2M
 Heap Min Capacity: 8M
 Heap Initial Capacity: 252M
 Heap Max Capacity: 4020M
 Pre-touch: Disabled
 Parallel Workers: 8
 Concurrent Workers: 2
 Concurrent Refinement Workers: 8
 Periodic GC: Disabled

Heap:
 garbage-first heap   total 258048K, used 12096K [0x0000000704c00000, 0x0000000800000000)
  region size 2048K, 7 young (14336K), 2 survivors (4096K)
 Metaspace       used 10914K, committed 11136K, reserved 1114112K
  class space    used 806K, committed 896K, reserved 1048576K

Heap Regions: E=young(eden), S=young(survivor), O=old, HS=humongous(starts), HC=humongous(continues), CS=collection set, F=free, OA=open archive, CA=closed archive, TAMS=top-at-mark-start (previous, next)
|   0|0x0000000704c00000, 0x0000000704c00000, 0x0000000704e00000|  0%| F|  |TAMS 0x0000000704c00000, 0x0000000704c00000| Untracked 
|   1|0x0000000704e00000, 0x0000000704e00000, 0x0000000705000000|  0%| F|  |TAMS 0x0000000704e00000, 0x0000000704e00000| Untracked 
|   2|0x0000000705000000, 0x0000000705000000, 0x0000000705200000|  0%| F|  |TAMS 0x0000000705000000, 0x0000000705000000| Untracked 
|   3|0x0000000705200000, 0x0000000705200000, 0x0000000705400000|  0%| F|  |TAMS 0x0000000705200000, 0x0000000705200000| Untracked 
|   4|0x0000000705400000, 0x0000000705400000, 0x0000000705600000|  0%| F|  |TAMS 0x0000000705400000, 0x0000000705400000| Untracked 
|   5|0x0000000705600000, 0x0000000705600000, 0x0000000705800000|  0%| F|  |TAMS 0x0000000705600000, 0x0000000705600000| Untracked 
|   6|0x0000000705800000, 0x0000000705800000, 0x0000000705a00000|  0%| F|  |TAMS 0x0000000705800000, 0x0000000705800000| Untracked 
|   7|0x0000000705a00000, 0x0000000705a00000, 0x0000000705c00000|  0%| F|  |TAMS 0x0000000705a00000, 0x0000000705a00000| Untracked 
|   8|0x0000000705c00000, 0x0000000705c00000, 0x0000000705e00000|  0%| F|  |TAMS 0x0000000705c00000, 0x0000000705c00000| Untracked 
|   9|0x0000000705e00000, 0x0000000705e00000, 0x0000000706000000|  0%| F|  |TAMS 0x0000000705e00000, 0x0000000705e00000| Untracked 
|  10|0x0000000706000000, 0x0000000706000000, 0x0000000706200000|  0%| F|  |TAMS 0x0000000706000000, 0x0000000706000000| Untracked 
|  11|0x0000000706200000, 0x0000000706200000, 0x0000000706400000|  0%| F|  |TAMS 0x0000000706200000, 0x0000000706200000| Untracked 
|  12|0x0000000706400000, 0x0000000706400000, 0x0000000706600000|  0%| F|  |TAMS 0x0000000706400000, 0x0000000706400000| Untracked 
|  13|0x0000000706600000, 0x0000000706600000, 0x0000000706800000|  0%| F|  |TAMS 0x0000000706600000, 0x0000000706600000| Untracked 
|  14|0x0000000706800000, 0x0000000706800000, 0x0000000706a00000|  0%| F|  |TAMS 0x0000000706800000, 0x0000000706800000| Untracked 
|  15|0x0000000706a00000, 0x0000000706a00000, 0x0000000706c00000|  0%| F|  |TAMS 0x0000000706a00000, 0x0000000706a00000| Untracked 
|  16|0x0000000706c00000, 0x0000000706c00000, 0x0000000706e00000|  0%| F|  |TAMS 0x0000000706c00000, 0x0000000706c00000| Untracked 
|  17|0x0000000706e00000, 0x0000000706e00000, 0x0000000707000000|  0%| F|  |TAMS 0x0000000706e00000, 0x0000000706e00000| Untracked 
|  18|0x0000000707000000, 0x0000000707000000, 0x0000000707200000|  0%| F|  |TAMS 0x0000000707000000, 0x0000000707000000| Untracked 
|  19|0x0000000707200000, 0x0000000707200000, 0x0000000707400000|  0%| F|  |TAMS 0x0000000707200000, 0x0000000707200000| Untracked 
|  20|0x0000000707400000, 0x0000000707400000, 0x0000000707600000|  0%| F|  |TAMS 0x0000000707400000, 0x0000000707400000| Untracked 
|  21|0x0000000707600000, 0x0000000707600000, 0x0000000707800000|  0%| F|  |TAMS 0x0000000707600000, 0x0000000707600000| Untracked 
|  22|0x0000000707800000, 0x0000000707800000, 0x0000000707a00000|  0%| F|  |TAMS 0x0000000707800000, 0x0000000707800000| Untracked 
|  23|0x0000000707a00000, 0x0000000707a00000, 0x0000000707c00000|  0%| F|  |TAMS 0x0000000707a00000, 0x0000000707a00000| Untracked 
|  24|0x0000000707c00000, 0x0000000707c00000, 0x0000000707e00000|  0%| F|  |TAMS 0x0000000707c00000, 0x0000000707c00000| Untracked 
|  25|0x0000000707e00000, 0x0000000707e00000, 0x0000000708000000|  0%| F|  |TAMS 0x0000000707e00000, 0x0000000707e00000| Untracked 
|  26|0x0000000708000000, 0x0000000708000000, 0x0000000708200000|  0%| F|  |TAMS 0x0000000708000000, 0x0000000708000000| Untracked 
|  27|0x0000000708200000, 0x0000000708200000, 0x0000000708400000|  0%| F|  |TAMS 0x0000000708200000, 0x0000000708200000| Untracked 
|  28|0x0000000708400000, 0x0000000708400000, 0x0000000708600000|  0%| F|  |TAMS 0x0000000708400000, 0x0000000708400000| Untracked 
|  29|0x0000000708600000, 0x0000000708600000, 0x0000000708800000|  0%| F|  |TAMS 0x0000000708600000, 0x0000000708600000| Untracked 
|  30|0x0000000708800000, 0x0000000708800000, 0x0000000708a00000|  0%| F|  |TAMS 0x0000000708800000, 0x0000000708800000| Untracked 
|  31|0x0000000708a00000, 0x0000000708a00000, 0x0000000708c00000|  0%| F|  |TAMS 0x0000000708a00000, 0x0000000708a00000| Untracked 
|  32|0x0000000708c00000, 0x0000000708c00000, 0x0000000708e00000|  0%| F|  |TAMS 0x0000000708c00000, 0x0000000708c00000| Untracked 
|  33|0x0000000708e00000, 0x0000000708e00000, 0x0000000709000000|  0%| F|  |TAMS 0x0000000708e00000, 0x0000000708e00000| Untracked 
|  34|0x0000000709000000, 0x0000000709000000, 0x0000000709200000|  0%| F|  |TAMS 0x0000000709000000, 0x0000000709000000| Untracked 
|  35|0x0000000709200000, 0x0000000709200000, 0x0000000709400000|  0%| F|  |TAMS 0x0000000709200000, 0x0000000709200000| Untracked 
|  36|0x0000000709400000, 0x0000000709400000, 0x0000000709600000|  0%| F|  |TAMS 0x0000000709400000, 0x0000000709400000| Untracked 
|  37|0x0000000709600000, 0x0000000709600000, 0x0000000709800000|  0%| F|  |TAMS 0x0000000709600000, 0x0000000709600000| Untracked 
|  38|0x0000000709800000, 0x0000000709800000, 0x0000000709a00000|  0%| F|  |TAMS 0x0000000709800000, 0x0000000709800000| Untracked 
|  39|0x0000000709a00000, 0x0000000709a00000, 0x0000000709c00000|  0%| F|  |TAMS 0x0000000709a00000, 0x0000000709a00000| Untracked 
|  40|0x0000000709c00000, 0x0000000709c00000, 0x0000000709e00000|  0%| F|  |TAMS 0x0000000709c00000, 0x0000000709c00000| Untracked 
|  41|0x0000000709e00000, 0x0000000709e00000, 0x000000070a000000|  0%| F|  |TAMS 0x0000000709e00000, 0x0000000709e00000| Untracked 
|  42|0x000000070a000000, 0x000000070a000000, 0x000000070a200000|  0%| F|  |TAMS 0x000000070a000000, 0x000000070a000000| Untracked 
|  43|0x000000070a200000, 0x000000070a200000, 0x000000070a400000|  0%| F|  |TAMS 0x000000070a200000, 0x000000070a200000| Untracked 
|  44|0x000000070a400000, 0x000000070a400000, 0x000000070a600000|  0%| F|  |TAMS 0x000000070a400000, 0x000000070a400000| Untracked 
|  45|0x000000070a600000, 0x000000070a600000, 0x000000070a800000|  0%| F|  |TAMS 0x000000070a600000, 0x000000070a600000| Untracked 
|  46|0x000000070a800000, 0x000000070a800000, 0x000000070aa00000|  0%| F|  |TAMS 0x000000070a800000, 0x000000070a800000| Untracked 
|  47|0x000000070aa00000, 0x000000070aa00000, 0x000000070ac00000|  0%| F|  |TAMS 0x000000070aa00000, 0x000000070aa00000| Untracked 
|  48|0x000000070ac00000, 0x000000070ac00000, 0x000000070ae00000|  0%| F|  |TAMS 0x000000070ac00000, 0x000000070ac00000| Untracked 
|  49|0x000000070ae00000, 0x000000070ae00000, 0x000000070b000000|  0%| F|  |TAMS 0x000000070ae00000, 0x000000070ae00000| Untracked 
|  50|0x000000070b000000, 0x000000070b000000, 0x000000070b200000|  0%| F|  |TAMS 0x000000070b000000, 0x000000070b000000| Untracked 
|  51|0x000000070b200000, 0x000000070b200000, 0x000000070b400000|  0%| F|  |TAMS 0x000000070b200000, 0x000000070b200000| Untracked 
|  52|0x000000070b400000, 0x000000070b400000, 0x000000070b600000|  0%| F|  |TAMS 0x000000070b400000, 0x000000070b400000| Untracked 
|  53|0x000000070b600000, 0x000000070b600000, 0x000000070b800000|  0%| F|  |TAMS 0x000000070b600000, 0x000000070b600000| Untracked 
|  54|0x000000070b800000, 0x000000070b800000, 0x000000070ba00000|  0%| F|  |TAMS 0x000000070b800000, 0x000000070b800000| Untracked 
|  55|0x000000070ba00000, 0x000000070ba00000, 0x000000070bc00000|  0%| F|  |TAMS 0x000000070ba00000, 0x000000070ba00000| Untracked 
|  56|0x000000070bc00000, 0x000000070bc00000, 0x000000070be00000|  0%| F|  |TAMS 0x000000070bc00000, 0x000000070bc00000| Untracked 
|  57|0x000000070be00000, 0x000000070be00000, 0x000000070c000000|  0%| F|  |TAMS 0x000000070be00000, 0x000000070be00000| Untracked 
|  58|0x000000070c000000, 0x000000070c000000, 0x000000070c200000|  0%| F|  |TAMS 0x000000070c000000, 0x000000070c000000| Untracked 
|  59|0x000000070c200000, 0x000000070c200000, 0x000000070c400000|  0%| F|  |TAMS 0x000000070c200000, 0x000000070c200000| Untracked 
|  60|0x000000070c400000, 0x000000070c400000, 0x000000070c600000|  0%| F|  |TAMS 0x000000070c400000, 0x000000070c400000| Untracked 
|  61|0x000000070c600000, 0x000000070c600000, 0x000000070c800000|  0%| F|  |TAMS 0x000000070c600000, 0x000000070c600000| Untracked 
|  62|0x000000070c800000, 0x000000070c800000, 0x000000070ca00000|  0%| F|  |TAMS 0x000000070c800000, 0x000000070c800000| Untracked 
|  63|0x000000070ca00000, 0x000000070ca00000, 0x000000070cc00000|  0%| F|  |TAMS 0x000000070ca00000, 0x000000070ca00000| Untracked 
|  64|0x000000070cc00000, 0x000000070cc00000, 0x000000070ce00000|  0%| F|  |TAMS 0x000000070cc00000, 0x000000070cc00000| Untracked 
|  65|0x000000070ce00000, 0x000000070ce00000, 0x000000070d000000|  0%| F|  |TAMS 0x000000070ce00000, 0x000000070ce00000| Untracked 
|  66|0x000000070d000000, 0x000000070d000000, 0x000000070d200000|  0%| F|  |TAMS 0x000000070d000000, 0x000000070d000000| Untracked 
|  67|0x000000070d200000, 0x000000070d200000, 0x000000070d400000|  0%| F|  |TAMS 0x000000070d200000, 0x000000070d200000| Untracked 
|  68|0x000000070d400000, 0x000000070d400000, 0x000000070d600000|  0%| F|  |TAMS 0x000000070d400000, 0x000000070d400000| Untracked 
|  69|0x000000070d600000, 0x000000070d600000, 0x000000070d800000|  0%| F|  |TAMS 0x000000070d600000, 0x000000070d600000| Untracked 
|  70|0x000000070d800000, 0x000000070d800000, 0x000000070da00000|  0%| F|  |TAMS 0x000000070d800000, 0x000000070d800000| Untracked 
|  71|0x000000070da00000, 0x000000070da00000, 0x000000070dc00000|  0%| F|  |TAMS 0x000000070da00000, 0x000000070da00000| Untracked 
|  72|0x000000070dc00000, 0x000000070dc00000, 0x000000070de00000|  0%| F|  |TAMS 0x000000070dc00000, 0x000000070dc00000| Untracked 
|  73|0x000000070de00000, 0x000000070de00000, 0x000000070e000000|  0%| F|  |TAMS 0x000000070de00000, 0x000000070de00000| Untracked 
|  74|0x000000070e000000, 0x000000070e000000, 0x000000070e200000|  0%| F|  |TAMS 0x000000070e000000, 0x000000070e000000| Untracked 
|  75|0x000000070e200000, 0x000000070e200000, 0x000000070e400000|  0%| F|  |TAMS 0x000000070e200000, 0x000000070e200000| Untracked 
|  76|0x000000070e400000, 0x000000070e400000, 0x000000070e600000|  0%| F|  |TAMS 0x000000070e400000, 0x000000070e400000| Untracked 
|  77|0x000000070e600000, 0x000000070e600000, 0x000000070e800000|  0%| F|  |TAMS 0x000000070e600000, 0x000000070e600000| Untracked 
|  78|0x000000070e800000, 0x000000070e800000, 0x000000070ea00000|  0%| F|  |TAMS 0x000000070e800000, 0x000000070e800000| Untracked 
|  79|0x000000070ea00000, 0x000000070ea00000, 0x000000070ec00000|  0%| F|  |TAMS 0x000000070ea00000, 0x000000070ea00000| Untracked 
|  80|0x000000070ec00000, 0x000000070ec00000, 0x000000070ee00000|  0%| F|  |TAMS 0x000000070ec00000, 0x000000070ec00000| Untracked 
|  81|0x000000070ee00000, 0x000000070ee00000, 0x000000070f000000|  0%| F|  |TAMS 0x000000070ee00000, 0x000000070ee00000| Untracked 
|  82|0x000000070f000000, 0x000000070f000000, 0x000000070f200000|  0%| F|  |TAMS 0x000000070f000000, 0x000000070f000000| Untracked 
|  83|0x000000070f200000, 0x000000070f200000, 0x000000070f400000|  0%| F|  |TAMS 0x000000070f200000, 0x000000070f200000| Untracked 
|  84|0x000000070f400000, 0x000000070f400000, 0x000000070f600000|  0%| F|  |TAMS 0x000000070f400000, 0x000000070f400000| Untracked 
|  85|0x000000070f600000, 0x000000070f600000, 0x000000070f800000|  0%| F|  |TAMS 0x000000070f600000, 0x000000070f600000| Untracked 
|  86|0x000000070f800000, 0x000000070f800000, 0x000000070fa00000|  0%| F|  |TAMS 0x000000070f800000, 0x000000070f800000| Untracked 
|  87|0x000000070fa00000, 0x000000070fa00000, 0x000000070fc00000|  0%| F|  |TAMS 0x000000070fa00000, 0x000000070fa00000| Untracked 
|  88|0x000000070fc00000, 0x000000070fc00000, 0x000000070fe00000|  0%| F|  |TAMS 0x000000070fc00000, 0x000000070fc00000| Untracked 
|  89|0x000000070fe00000, 0x000000070fe00000, 0x0000000710000000|  0%| F|  |TAMS 0x000000070fe00000, 0x000000070fe00000| Untracked 
|  90|0x0000000710000000, 0x0000000710000000, 0x0000000710200000|  0%| F|  |TAMS 0x0000000710000000, 0x0000000710000000| Untracked 
|  91|0x0000000710200000, 0x0000000710200000, 0x0000000710400000|  0%| F|  |TAMS 0x0000000710200000, 0x0000000710200000| Untracked 
|  92|0x0000000710400000, 0x0000000710400000, 0x0000000710600000|  0%| F|  |TAMS 0x0000000710400000, 0x0000000710400000| Untracked 
|  93|0x0000000710600000, 0x0000000710600000, 0x0000000710800000|  0%| F|  |TAMS 0x0000000710600000, 0x0000000710600000| Untracked 
|  94|0x0000000710800000, 0x0000000710800000, 0x0000000710a00000|  0%| F|  |TAMS 0x0000000710800000, 0x0000000710800000| Untracked 
|  95|0x0000000710a00000, 0x0000000710a00000, 0x0000000710c00000|  0%| F|  |TAMS 0x0000000710a00000, 0x0000000710a00000| Untracked 
|  96|0x0000000710c00000, 0x0000000710c00000, 0x0000000710e00000|  0%| F|  |TAMS 0x0000000710c00000, 0x0000000710c00000| Untracked 
|  97|0x0000000710e00000, 0x0000000710e00000, 0x0000000711000000|  0%| F|  |TAMS 0x0000000710e00000, 0x0000000710e00000| Untracked 
|  98|0x0000000711000000, 0x0000000711000000, 0x0000000711200000|  0%| F|  |TAMS 0x0000000711000000, 0x0000000711000000| Untracked 
|  99|0x0000000711200000, 0x0000000711200000, 0x0000000711400000|  0%| F|  |TAMS 0x0000000711200000, 0x0000000711200000| Untracked 
| 100|0x0000000711400000, 0x0000000711400000, 0x0000000711600000|  0%| F|  |TAMS 0x0000000711400000, 0x0000000711400000| Untracked 
| 101|0x0000000711600000, 0x0000000711600000, 0x0000000711800000|  0%| F|  |TAMS 0x0000000711600000, 0x0000000711600000| Untracked 
| 102|0x0000000711800000, 0x0000000711800000, 0x0000000711a00000|  0%| F|  |TAMS 0x0000000711800000, 0x0000000711800000| Untracked 
| 103|0x0000000711a00000, 0x0000000711a00000, 0x0000000711c00000|  0%| F|  |TAMS 0x0000000711a00000, 0x0000000711a00000| Untracked 
| 104|0x0000000711c00000, 0x0000000711c00000, 0x0000000711e00000|  0%| F|  |TAMS 0x0000000711c00000, 0x0000000711c00000| Untracked 
| 105|0x0000000711e00000, 0x0000000711e00000, 0x0000000712000000|  0%| F|  |TAMS 0x0000000711e00000, 0x0000000711e00000| Untracked 
| 106|0x0000000712000000, 0x0000000712000000, 0x0000000712200000|  0%| F|  |TAMS 0x0000000712000000, 0x0000000712000000| Untracked 
| 107|0x0000000712200000, 0x0000000712200000, 0x0000000712400000|  0%| F|  |TAMS 0x0000000712200000, 0x0000000712200000| Untracked 
| 108|0x0000000712400000, 0x0000000712400000, 0x0000000712600000|  0%| F|  |TAMS 0x0000000712400000, 0x0000000712400000| Untracked 
| 109|0x0000000712600000, 0x0000000712600000, 0x0000000712800000|  0%| F|  |TAMS 0x0000000712600000, 0x0000000712600000| Untracked 
| 110|0x0000000712800000, 0x0000000712800000, 0x0000000712a00000|  0%| F|  |TAMS 0x0000000712800000, 0x0000000712800000| Untracked 
| 111|0x0000000712a00000, 0x0000000712a00000, 0x0000000712c00000|  0%| F|  |TAMS 0x0000000712a00000, 0x0000000712a00000| Untracked 
| 112|0x0000000712c00000, 0x0000000712c00000, 0x0000000712e00000|  0%| F|  |TAMS 0x0000000712c00000, 0x0000000712c00000| Untracked 
| 113|0x0000000712e00000, 0x0000000712fd03a0, 0x0000000713000000| 90%| S|CS|TAMS 0x0000000712e00000, 0x0000000712e00000| Complete 
| 114|0x0000000713000000, 0x0000000713200000, 0x0000000713200000|100%| S|CS|TAMS 0x0000000713000000, 0x0000000713000000| Complete 
| 115|0x0000000713200000, 0x0000000713200000, 0x0000000713400000|  0%| F|  |TAMS 0x0000000713200000, 0x0000000713200000| Untracked 
| 116|0x0000000713400000, 0x0000000713400000, 0x0000000713600000|  0%| F|  |TAMS 0x0000000713400000, 0x0000000713400000| Untracked 
| 117|0x0000000713600000, 0x0000000713600000, 0x0000000713800000|  0%| F|  |TAMS 0x0000000713600000, 0x0000000713600000| Untracked 
| 118|0x0000000713800000, 0x0000000713800000, 0x0000000713a00000|  0%| F|  |TAMS 0x0000000713800000, 0x0000000713800000| Untracked 
| 119|0x0000000713a00000, 0x0000000713a00000, 0x0000000713c00000|  0%| F|  |TAMS 0x0000000713a00000, 0x0000000713a00000| Untracked 
| 120|0x0000000713c00000, 0x0000000713c00000, 0x0000000713e00000|  0%| F|  |TAMS 0x0000000713c00000, 0x0000000713c00000| Untracked 
| 121|0x0000000713e00000, 0x0000000713f89458, 0x0000000714000000| 76%| E|  |TAMS 0x0000000713e00000, 0x0000000713e00000| Complete 
| 122|0x0000000714000000, 0x0000000714200000, 0x0000000714200000|100%| E|CS|TAMS 0x0000000714000000, 0x0000000714000000| Complete 
| 123|0x0000000714200000, 0x0000000714400000, 0x0000000714400000|100%| E|CS|TAMS 0x0000000714200000, 0x0000000714200000| Complete 
| 124|0x0000000714400000, 0x0000000714600000, 0x0000000714600000|100%| E|CS|TAMS 0x0000000714400000, 0x0000000714400000| Complete 
| 125|0x0000000714600000, 0x0000000714800000, 0x0000000714800000|100%| E|CS|TAMS 0x0000000714600000, 0x0000000714600000| Complete 

Card table byte_map: [0x000002604d220000,0x000002604da00000] _byte_map_base: 0x00000260499fa000

Marking Bits (Prev, Next): (CMBitMap*) 0x0000026035e7da20, (CMBitMap*) 0x0000026035e7da60
 Prev Bits: [0x000002604e1e0000, 0x00000260520b0000)
 Next Bits: [0x00000260520b0000, 0x0000026055f80000)

Polling page: 0x0000026033db0000

Metaspace:

Usage:
  Non-class:      9.87 MB used.
      Class:    806.06 KB used.
       Both:     10.66 MB used.

Virtual space:
  Non-class space:       64.00 MB reserved,      10.00 MB ( 16%) committed,  1 nodes.
      Class space:        1.00 GB reserved,     896.00 KB ( <1%) committed,  1 nodes.
             Both:        1.06 GB reserved,      10.88 MB ( <1%) committed. 

Chunk freelists:
   Non-Class:  106.00 KB
       Class:  3.09 MB
        Both:  3.20 MB

MaxMetaspaceSize: unlimited
CompressedClassSpaceSize: 1.00 GB
Initial GC threshold: 21.00 MB
Current GC threshold: 21.00 MB
CDS: on
MetaspaceReclaimPolicy: balanced
 - commit_granule_bytes: 65536.
 - commit_granule_words: 8192.
 - virtual_space_node_default_size: 8388608.
 - enlarge_chunks_in_place: 1.
 - new_chunks_are_fully_committed: 0.
 - uncommit_free_chunks: 1.
 - use_allocation_guard: 0.


Internal statistics:

num_allocs_failed_limit: 0.
num_arena_births: 114.
num_arena_deaths: 0.
num_vsnodes_births: 2.
num_vsnodes_deaths: 0.
num_space_committed: 172.
num_space_uncommitted: 0.
num_chunks_returned_to_freelist: 0.
num_chunks_taken_from_freelist: 439.
num_chunk_merges: 0.
num_chunk_splits: 341.
num_chunks_enlarged: 284.
num_inconsistent_stats: 0.

CodeHeap 'non-profiled nmethods': size=120000Kb used=350Kb max_used=350Kb free=119649Kb
 bounds [0x00000260451e0000, 0x0000026045450000, 0x000002604c710000]
CodeHeap 'profiled nmethods': size=120000Kb used=2032Kb max_used=2032Kb free=117967Kb
 bounds [0x000002603dcb0000, 0x000002603df20000, 0x00000260451e0000]
CodeHeap 'non-nmethods': size=5760Kb used=1697Kb max_used=1702Kb free=4062Kb
 bounds [0x000002603d710000, 0x000002603d980000, 0x000002603dcb0000]
 total_blobs=2260 nmethods=1132 adapters=1041
 compilation: enabled
              stopped_count=0, restarted_count=0
 full_count=0

Compilation events (20 events):
Event: 0.770 Thread 0x00000260585ae250 1121       3       java.lang.invoke.MethodType::basicType (8 bytes)
Event: 0.770 Thread 0x00000260585ae250 nmethod 1121 0x000002603dea6f10 code [0x000002603dea70a0, 0x000002603dea71d8]
Event: 0.770 Thread 0x00000260585ae250 1123       3       java.lang.StringBuilder::append (8 bytes)
Event: 0.770 Thread 0x00000260585ae250 nmethod 1123 0x000002603dea7290 code [0x000002603dea7420, 0x000002603dea7568]
Event: 0.771 Thread 0x00000260585ae250 1124       3       java.nio.CharBuffer::position (6 bytes)
Event: 0.771 Thread 0x00000260585ae250 nmethod 1124 0x000002603dea7610 code [0x000002603dea77c0, 0x000002603dea7968]
Event: 0.771 Thread 0x00000260585ae250 1125       3       jdk.internal.access.SharedSecrets::getJavaLangAccess (4 bytes)
Event: 0.771 Thread 0x00000260585ae250 nmethod 1125 0x000002603dea7a10 code [0x000002603dea7ba0, 0x000002603dea7c98]
Event: 0.771 Thread 0x00000260585ae250 1126       3       java.lang.StringConcatHelper::simpleConcat (94 bytes)
Event: 0.772 Thread 0x00000260585ae250 nmethod 1126 0x000002603dea7d10 code [0x000002603dea8020, 0x000002603dea9298]
Event: 0.772 Thread 0x00000260585ae250 1127       3       java.lang.invoke.MethodHandles$Lookup::isClassAccessible (53 bytes)
Event: 0.773 Thread 0x00000260585ae250 nmethod 1127 0x000002603dea9910 code [0x000002603dea9b20, 0x000002603deaa0f8]
Event: 0.773 Thread 0x00000260585ae250 1128       3       java.lang.invoke.DirectMethodHandle::internalMemberName (8 bytes)
Event: 0.773 Thread 0x00000260585ae250 nmethod 1128 0x000002603deaa310 code [0x000002603deaa4a0, 0x000002603deaa698]
Event: 0.775 Thread 0x00000260585ae250 1130       3       java.lang.AbstractStringBuilder::append (45 bytes)
Event: 0.776 Thread 0x00000260585ae250 nmethod 1130 0x000002603deaa790 code [0x000002603deaa9a0, 0x000002603deaaed8]
Event: 0.777 Thread 0x00000260585ae250 1131       3       java.lang.String::startsWith (138 bytes)
Event: 0.777 Thread 0x00000260585ae250 nmethod 1131 0x000002603deab110 code [0x000002603deab320, 0x000002603deabbb8]
Event: 0.816 Thread 0x00000260585ae250 1132       3       java.nio.charset.CoderResult::isUnderflow (13 bytes)
Event: 0.816 Thread 0x00000260585ae250 nmethod 1132 0x000002603deabe90 code [0x000002603deac020, 0x000002603deac198]

GC Heap History (2 events):
Event: 0.635 GC heap before
{Heap before GC invocations=0 (full 0):
 garbage-first heap   total 258048K, used 20480K [0x0000000704c00000, 0x0000000800000000)
  region size 2048K, 11 young (22528K), 0 survivors (0K)
 Metaspace       used 7783K, committed 8000K, reserved 1114112K
  class space    used 472K, committed 576K, reserved 1048576K
}
Event: 0.639 GC heap after
{Heap after GC invocations=1 (full 0):
 garbage-first heap   total 258048K, used 3904K [0x0000000704c00000, 0x0000000800000000)
  region size 2048K, 2 young (4096K), 2 survivors (4096K)
 Metaspace       used 7783K, committed 8000K, reserved 1114112K
  class space    used 472K, committed 576K, reserved 1048576K
}

Deoptimization events (20 events):
Event: 0.773 Thread 0x0000026035e0e850 Uncommon trap: trap_request=0xffffff45 fr.pc=0x000002604521a8fc relative=0x00000000000004bc
Event: 0.773 Thread 0x0000026035e0e850 Uncommon trap: reason=unstable_if action=reinterpret pc=0x000002604521a8fc method=java.lang.String.getBytes([BIB)V @ 5 c2
Event: 0.773 Thread 0x0000026035e0e850 DEOPT PACKING pc=0x000002604521a8fc sp=0x000000e44e0feca0
Event: 0.773 Thread 0x0000026035e0e850 DEOPT UNPACKING pc=0x000002603d765c23 sp=0x000000e44e0feb88 mode 2
Event: 0.776 Thread 0x0000026035e0e850 Uncommon trap: trap_request=0xffffffbe fr.pc=0x0000026045215790 relative=0x0000000000000270
Event: 0.776 Thread 0x0000026035e0e850 Uncommon trap: reason=profile_predicate action=maybe_recompile pc=0x0000026045215790 method=org.lwjgl.system.MemoryUtil.encodeASCIIUnsafe(Ljava/lang/CharSequence;ZJ)I @ 15 c2
Event: 0.776 Thread 0x0000026035e0e850 DEOPT PACKING pc=0x0000026045215790 sp=0x000000e44e0ff130
Event: 0.776 Thread 0x0000026035e0e850 DEOPT UNPACKING pc=0x000002603d765c23 sp=0x000000e44e0ff0c8 mode 2
Event: 0.776 Thread 0x0000026035e0e850 Uncommon trap: trap_request=0xffffffbe fr.pc=0x0000026045215790 relative=0x0000000000000270
Event: 0.776 Thread 0x0000026035e0e850 Uncommon trap: reason=profile_predicate action=maybe_recompile pc=0x0000026045215790 method=org.lwjgl.system.MemoryUtil.encodeASCIIUnsafe(Ljava/lang/CharSequence;ZJ)I @ 15 c2
Event: 0.776 Thread 0x0000026035e0e850 DEOPT PACKING pc=0x0000026045215790 sp=0x000000e44e0ff130
Event: 0.776 Thread 0x0000026035e0e850 DEOPT UNPACKING pc=0x000002603d765c23 sp=0x000000e44e0ff0c8 mode 2
Event: 0.776 Thread 0x0000026035e0e850 Uncommon trap: trap_request=0xffffffbe fr.pc=0x0000026045215790 relative=0x0000000000000270
Event: 0.776 Thread 0x0000026035e0e850 Uncommon trap: reason=profile_predicate action=maybe_recompile pc=0x0000026045215790 method=org.lwjgl.system.MemoryUtil.encodeASCIIUnsafe(Ljava/lang/CharSequence;ZJ)I @ 15 c2
Event: 0.776 Thread 0x0000026035e0e850 DEOPT PACKING pc=0x0000026045215790 sp=0x000000e44e0ff130
Event: 0.776 Thread 0x0000026035e0e850 DEOPT UNPACKING pc=0x000002603d765c23 sp=0x000000e44e0ff0c8 mode 2
Event: 0.776 Thread 0x0000026035e0e850 Uncommon trap: trap_request=0xffffffbe fr.pc=0x0000026045215790 relative=0x0000000000000270
Event: 0.776 Thread 0x0000026035e0e850 Uncommon trap: reason=profile_predicate action=maybe_recompile pc=0x0000026045215790 method=org.lwjgl.system.MemoryUtil.encodeASCIIUnsafe(Ljava/lang/CharSequence;ZJ)I @ 15 c2
Event: 0.776 Thread 0x0000026035e0e850 DEOPT PACKING pc=0x0000026045215790 sp=0x000000e44e0ff130
Event: 0.776 Thread 0x0000026035e0e850 DEOPT UNPACKING pc=0x000002603d765c23 sp=0x000000e44e0ff0c8 mode 2

Classes loaded (20 events):
Event: 0.768 Loading class java/util/Vector
Event: 0.768 Loading class java/util/Vector done
Event: 0.768 Loading class java/nio/file/FileChannelLinesSpliterator
Event: 0.768 Loading class java/nio/file/FileChannelLinesSpliterator done
Event: 0.769 Loading class java/nio/channels/spi/AbstractInterruptibleChannel$1
Event: 0.769 Loading class sun/nio/ch/Interruptible
Event: 0.769 Loading class sun/nio/ch/Interruptible done
Event: 0.769 Loading class java/nio/channels/spi/AbstractInterruptibleChannel$1 done
Event: 0.769 Loading class java/util/stream/Streams$1
Event: 0.770 Loading class java/util/stream/Streams$1 done
Event: 0.770 Loading class java/nio/file/FileChannelLinesSpliterator$1
Event: 0.770 Loading class java/nio/file/FileChannelLinesSpliterator$1 done
Event: 0.770 Loading class java/io/BufferedReader
Event: 0.770 Loading class java/io/BufferedReader done
Event: 0.771 Loading class sun/nio/cs/StreamDecoder
Event: 0.771 Loading class sun/nio/cs/StreamDecoder done
Event: 0.776 Loading class javax/management/RuntimeErrorException
Event: 0.776 Loading class javax/management/JMRuntimeException
Event: 0.776 Loading class javax/management/JMRuntimeException done
Event: 0.776 Loading class javax/management/RuntimeErrorException done

Classes unloaded (0 events):
No events

Classes redefined (0 events):
No events

Internal exceptions (20 events):
Event: 0.207 Thread 0x0000026035e0e850 Exception <a 'java/lang/NoSuchMethodError'{0x00000007143e8148}: 'int java.lang.invoke.DirectMethodHandle$Holder.invokeStaticInit(java.lang.Object, java.lang.Object, int, long)'> (0x00000007143e8148) 
thrown [s\open\src\hotspot\share\interpreter\linkResolver.cpp, line 759]
Event: 0.208 Thread 0x0000026035e0e850 Exception <a 'java/lang/NoSuchMethodError'{0x00000007143eda10}: 'java.lang.Object java.lang.invoke.DirectMethodHandle$Holder.newInvokeSpecial(java.lang.Object, java.lang.Object, int)'> (0x00000007143eda10) 
thrown [s\open\src\hotspot\share\interpreter\linkResolver.cpp, line 759]
Event: 0.210 Thread 0x0000026035e0e850 Exception <a 'java/lang/NoSuchMethodError'{0x00000007143fc850}: 'int java.lang.invoke.DirectMethodHandle$Holder.invokeStaticInit(java.lang.Object, java.lang.Object, long, long)'> (0x00000007143fc850) 
thrown [s\open\src\hotspot\share\interpreter\linkResolver.cpp, line 759]
Event: 0.212 Thread 0x0000026035e0e850 Exception <a 'java/lang/NoSuchMethodError'{0x0000000714002e68}: 'java.lang.Object java.lang.invoke.DirectMethodHandle$Holder.newInvokeSpecial(java.lang.Object, java.lang.Object, long)'> (0x0000000714002e68) 
thrown [s\open\src\hotspot\share\interpreter\linkResolver.cpp, line 759]
Event: 0.213 Thread 0x0000026035e0e850 Exception <a 'java/lang/NoSuchMethodError'{0x0000000714006738}: 'java.lang.Object java.lang.invoke.Invokers$Holder.linkToTargetMethod(java.lang.Object, long, java.lang.Object)'> (0x0000000714006738) 
thrown [s\open\src\hotspot\share\interpreter\linkResolver.cpp, line 759]
Event: 0.214 Thread 0x0000026035e0e850 Exception <a 'java/lang/NoSuchMethodError'{0x000000071400dbb0}: 'int java.lang.invoke.DirectMethodHandle$Holder.invokeStaticInit(java.lang.Object, java.lang.Object, java.lang.Object, long)'> (0x000000071400dbb0) 
thrown [s\open\src\hotspot\share\interpreter\linkResolver.cpp, line 759]
Event: 0.234 Thread 0x0000026035e0e850 Exception <a 'sun/nio/fs/WindowsException'{0x00000007140b1790}> (0x00000007140b1790) 
thrown [s\open\src\hotspot\share\prims\jni.cpp, line 516]
Event: 0.234 Thread 0x0000026035e0e850 Exception <a 'sun/nio/fs/WindowsException'{0x00000007140b1af0}> (0x00000007140b1af0) 
thrown [s\open\src\hotspot\share\prims\jni.cpp, line 516]
Event: 0.239 Thread 0x0000026035e0e850 Exception <a 'java/lang/NoSuchMethodError'{0x00000007140c7a38}: 'int java.lang.invoke.Invokers$Holder.invokeExact_MT(java.lang.Object, java.lang.Object)'> (0x00000007140c7a38) 
thrown [s\open\src\hotspot\share\interpreter\linkResolver.cpp, line 759]
Event: 0.344 Thread 0x0000026035e0e850 Exception <a 'java/lang/NoSuchMethodError'{0x0000000714147e40}: 'void java.lang.System.load(java.lang.String, java.lang.Class)'> (0x0000000714147e40) 
thrown [s\open\src\hotspot\share\interpreter\linkResolver.cpp, line 759]
Event: 0.345 Thread 0x0000026035e0e850 Exception <a 'java/lang/NoSuchMethodError'{0x000000071414acd0}: 'void java.lang.System.loadLibrary(java.lang.String, java.lang.Class)'> (0x000000071414acd0) 
thrown [s\open\src\hotspot\share\interpreter\linkResolver.cpp, line 759]
Event: 0.348 Thread 0x0000026035e0e850 Exception <a 'sun/nio/fs/WindowsException'{0x0000000714153c78}> (0x0000000714153c78) 
thrown [s\open\src\hotspot\share\prims\jni.cpp, line 516]
Event: 0.348 Thread 0x0000026035e0e850 Exception <a 'sun/nio/fs/WindowsException'{0x0000000714154020}> (0x0000000714154020) 
thrown [s\open\src\hotspot\share\prims\jni.cpp, line 516]
Event: 0.351 Thread 0x0000026035e0e850 Exception <a 'sun/nio/fs/WindowsException'{0x0000000714161ed8}> (0x0000000714161ed8) 
thrown [s\open\src\hotspot\share\prims\jni.cpp, line 516]
Event: 0.351 Thread 0x0000026035e0e850 Exception <a 'sun/nio/fs/WindowsException'{0x00000007141621b8}> (0x00000007141621b8) 
thrown [s\open\src\hotspot\share\prims\jni.cpp, line 516]
Event: 0.698 Thread 0x0000026035e0e850 Exception <a 'java/lang/NoSuchMethodError'{0x00000007142f6400}: 'void java.lang.invoke.DirectMethodHandle$Holder.invokeSpecial(java.lang.Object, java.lang.Object, java.lang.Object, java.lang.Object, java.lang.Object)'> (0x00000007142f6400) 
thrown [s\open\src\hotspot\share\interpreter\linkResolver.cpp, line 759]
Event: 0.716 Thread 0x0000026035e0e850 Exception <a 'java/lang/NoSuchMethodError'{0x00000007143aa598}: 'java.lang.Object java.lang.invoke.DirectMethodHandle$Holder.newInvokeSpecial(java.lang.Object, java.lang.Object, java.lang.Object, java.lang.Object, java.lang.Object)'> (0x00000007143aa598) 
thrown [s\open\src\hotspot\share\interpreter\linkResolver.cpp, line 759]
Event: 0.756 Thread 0x0000026035e0e850 Exception <a 'java/lang/NoSuchMethodError'{0x0000000713e53b40}: 'java.lang.Object java.lang.invoke.DirectMethodHandle$Holder.invokeVirtual(java.lang.Object, java.lang.Object, java.lang.Object)'> (0x0000000713e53b40) 
thrown [s\open\src\hotspot\share\interpreter\linkResolver.cpp, line 759]
Event: 0.770 Thread 0x0000026035e0e850 Exception <a 'java/lang/NoSuchMethodError'{0x0000000713f3b7e0}: 'void java.lang.invoke.DirectMethodHandle$Holder.invokeStatic(java.lang.Object, java.lang.Object, java.lang.Object)'> (0x0000000713f3b7e0) 
thrown [s\open\src\hotspot\share\interpreter\linkResolver.cpp, line 759]
Event: 0.775 Thread 0x0000026035e0e850 Exception <a 'java/lang/NoSuchMethodError'{0x0000000713f5c650}: 'void java.lang.invoke.DirectMethodHandle$Holder.invokeStatic(java.lang.Object, int)'> (0x0000000713f5c650) 
thrown [s\open\src\hotspot\share\interpreter\linkResolver.cpp, line 759]

VM Operations (10 events):
Event: 0.087 Executing VM operation: HandshakeAllThreads
Event: 0.087 Executing VM operation: HandshakeAllThreads done
Event: 0.553 Executing VM operation: HandshakeAllThreads
Event: 0.553 Executing VM operation: HandshakeAllThreads done
Event: 0.568 Executing VM operation: HandshakeAllThreads
Event: 0.568 Executing VM operation: HandshakeAllThreads done
Event: 0.635 Executing VM operation: G1CollectForAllocation
Event: 0.639 Executing VM operation: G1CollectForAllocation done
Event: 0.693 Executing VM operation: HandshakeAllThreads
Event: 0.693 Executing VM operation: HandshakeAllThreads done

Events (20 events):
Event: 0.020 Thread 0x0000026058584f60 Thread added: 0x0000026058584f60
Event: 0.033 Thread 0x000002605859ca60 Thread added: 0x000002605859ca60
Event: 0.033 Thread 0x000002605859d400 Thread added: 0x000002605859d400
Event: 0.033 Thread 0x000002605859e170 Thread added: 0x000002605859e170
Event: 0.034 Thread 0x00000260585a23e0 Thread added: 0x00000260585a23e0
Event: 0.034 Thread 0x00000260585a3480 Thread added: 0x00000260585a3480
Event: 0.034 Thread 0x00000260585ae250 Thread added: 0x00000260585ae250
Event: 0.034 Thread 0x000002605cc08070 Thread added: 0x000002605cc08070
Event: 0.069 Thread 0x000002605cd24f50 Thread added: 0x000002605cd24f50
Event: 0.072 Thread 0x000002605cd282b0 Thread added: 0x000002605cd282b0
Event: 0.079 Loaded shared library C:\Program Files\Java\jdk-18.0.2.1\bin\net.dll
Event: 0.081 Loaded shared library C:\Program Files\Java\jdk-18.0.2.1\bin\nio.dll
Event: 0.083 Loaded shared library C:\Program Files\Java\jdk-18.0.2.1\bin\zip.dll
Event: 0.138 Loaded shared library C:\Program Files\Java\jdk-18.0.2.1\bin\jimage.dll
Event: 0.157 Loaded shared library C:\Users\sdteo\AppData\Local\Temp\lwjglsdteo\3.3.1-1.86.10\lwjgl.dll
Event: 0.179 Thread 0x000002605cf3f790 Thread added: 0x000002605cf3f790
Event: 0.343 Thread 0x000002605cf3f790 Thread exited: 0x000002605cf3f790
Event: 0.349 Loaded shared library C:\Users\sdteo\AppData\Local\Temp\lwjglsdteo\3.3.1-1.86.10\lwjgl_opengl.dll
Event: 0.414 Loaded shared library C:\Program Files\Java\jdk-18.0.2.1\bin\verify.dll
Event: 0.575 Thread 0x0000026064e69340 Thread added: 0x0000026064e69340


Dynamic libraries:
0x00007ff713740000 - 0x00007ff713750000 	C:\Program Files\Java\jdk-18.0.2.1\bin\java.exe
0x00007ff901310000 - 0x00007ff901524000 	C:\WINDOWS\SYSTEM32\ntdll.dll
0x00007ff900440000 - 0x00007ff900502000 	C:\WINDOWS\System32\KERNEL32.DLL
0x00007ff8fe8c0000 - 0x00007ff8fec63000 	C:\WINDOWS\System32\KERNELBASE.dll
0x00007ff8fede0000 - 0x00007ff8feef1000 	C:\WINDOWS\System32\ucrtbase.dll
0x00007ff8f3740000 - 0x00007ff8f375a000 	C:\Program Files\Java\jdk-18.0.2.1\bin\VCRUNTIME140.dll
0x00007ff8de4d0000 - 0x00007ff8de4e8000 	C:\Program Files\Java\jdk-18.0.2.1\bin\jli.dll
0x00007ff9011c0000 - 0x00007ff90126e000 	C:\WINDOWS\System32\ADVAPI32.dll
0x00007ff8ff770000 - 0x00007ff8ff817000 	C:\WINDOWS\System32\msvcrt.dll
0x00007ff900990000 - 0x00007ff900a34000 	C:\WINDOWS\System32\sechost.dll
0x00007ff900a40000 - 0x00007ff900b57000 	C:\WINDOWS\System32\RPCRT4.dll
0x00007ff8ff930000 - 0x00007ff8ffadb000 	C:\WINDOWS\System32\USER32.dll
0x00007ff8ff0e0000 - 0x00007ff8ff106000 	C:\WINDOWS\System32\win32u.dll
0x00007ff900dc0000 - 0x00007ff900de9000 	C:\WINDOWS\System32\GDI32.dll
0x00007ff8e0fe0000 - 0x00007ff8e126e000 	C:\WINDOWS\WinSxS\amd64_microsoft.windows.common-controls_6595b64144ccf1df_6.0.22621.1635_none_270f70857386168e\COMCTL32.dll
0x00007ff8fefc0000 - 0x00007ff8ff0d8000 	C:\WINDOWS\System32\gdi32full.dll
0x00007ff8fe730000 - 0x00007ff8fe7ca000 	C:\WINDOWS\System32\msvcp_win.dll
0x00007ff8fe390000 - 0x00007ff8fe39a000 	C:\WINDOWS\SYSTEM32\VERSION.dll
0x00007ff8ffae0000 - 0x00007ff8ffb11000 	C:\WINDOWS\System32\IMM32.DLL
0x0000000062170000 - 0x000000006217c000 	C:\Program Files (x86)\360\Total Security\safemon\SafeWrapper.dll
0x00007ff8ca950000 - 0x00007ff8ca9e2000 	C:\Program Files (x86)\360\Total Security\safemon\libzdtp64.dll
0x00007ff8ffc40000 - 0x00007ff90043a000 	C:\WINDOWS\System32\SHELL32.dll
0x00007ff901150000 - 0x00007ff9011ae000 	C:\WINDOWS\System32\SHLWAPI.dll
0x00007ff8fa7f0000 - 0x00007ff8fa7fc000 	C:\Program Files\Java\jdk-18.0.2.1\bin\vcruntime140_1.dll
0x00007ff8b4530000 - 0x00007ff8b45bd000 	C:\Program Files\Java\jdk-18.0.2.1\bin\msvcp140.dll
0x00007ff864950000 - 0x00007ff865561000 	C:\Program Files\Java\jdk-18.0.2.1\bin\server\jvm.dll
0x00007ff8ff690000 - 0x00007ff8ff698000 	C:\WINDOWS\System32\PSAPI.DLL
0x00007ff8f2c70000 - 0x00007ff8f2ca4000 	C:\WINDOWS\SYSTEM32\WINMM.dll
0x00007ff8f6ec0000 - 0x00007ff8f6ec9000 	C:\WINDOWS\SYSTEM32\WSOCK32.dll
0x00007ff900df0000 - 0x00007ff900e61000 	C:\WINDOWS\System32\WS2_32.dll
0x00007ff8fd7d0000 - 0x00007ff8fd7e8000 	C:\WINDOWS\SYSTEM32\kernel.appcore.dll
0x00007ff8e1660000 - 0x00007ff8e166a000 	C:\Program Files\Java\jdk-18.0.2.1\bin\jimage.dll
0x00007ff8fc040000 - 0x00007ff8fc26e000 	C:\WINDOWS\SYSTEM32\DBGHELP.DLL
0x00007ff8ff110000 - 0x00007ff8ff499000 	C:\WINDOWS\System32\combase.dll
0x00007ff900ce0000 - 0x00007ff900db7000 	C:\WINDOWS\System32\OLEAUT32.dll
0x00007ff8ed560000 - 0x00007ff8ed592000 	C:\WINDOWS\SYSTEM32\dbgcore.DLL
0x00007ff8fe840000 - 0x00007ff8fe8bb000 	C:\WINDOWS\System32\bcryptPrimitives.dll
0x00007ff8de4a0000 - 0x00007ff8de4c5000 	C:\Program Files\Java\jdk-18.0.2.1\bin\java.dll
0x00007ff8b3e20000 - 0x00007ff8b3ef6000 	C:\Program Files\Java\jdk-18.0.2.1\bin\jsvml.dll
0x00007ff8fc670000 - 0x00007ff8fcf3e000 	C:\WINDOWS\SYSTEM32\windows.storage.dll
0x00007ff8fc530000 - 0x00007ff8fc66e000 	C:\WINDOWS\SYSTEM32\wintypes.dll
0x00007ff8ffb20000 - 0x00007ff8ffc11000 	C:\WINDOWS\System32\SHCORE.dll
0x00007ff8fe660000 - 0x00007ff8fe681000 	C:\WINDOWS\SYSTEM32\profapi.dll
0x00007ff8ca8a0000 - 0x00007ff8ca8b3000 	C:\Program Files\Java\jdk-18.0.2.1\bin\net.dll
0x00007ff8f3d20000 - 0x00007ff8f3e57000 	C:\WINDOWS\SYSTEM32\WINHTTP.dll
0x00007ff8fdc50000 - 0x00007ff8fdcb9000 	C:\WINDOWS\system32\mswsock.dll
0x00007ff8ca880000 - 0x00007ff8ca896000 	C:\Program Files\Java\jdk-18.0.2.1\bin\nio.dll
0x00007ff8ca790000 - 0x00007ff8ca7a8000 	C:\Program Files\Java\jdk-18.0.2.1\bin\zip.dll
0x00007ff8b8ec0000 - 0x00007ff8b8f35000 	C:\Users\sdteo\AppData\Local\Temp\lwjglsdteo\3.3.1-1.86.10\lwjgl.dll
0x00007ff8bd130000 - 0x00007ff8bd191000 	C:\Users\sdteo\AppData\Local\Temp\lwjglsdteo\3.3.1-1.86.10\glfw.dll
0x00007ff8bcd60000 - 0x00007ff8bcda6000 	C:\WINDOWS\SYSTEM32\dinput8.dll
0x00007ff8df2f0000 - 0x00007ff8df301000 	C:\WINDOWS\SYSTEM32\xinput1_4.dll
0x00007ff8fe3a0000 - 0x00007ff8fe3cc000 	C:\WINDOWS\SYSTEM32\DEVOBJ.dll
0x00007ff8fe3d0000 - 0x00007ff8fe41e000 	C:\WINDOWS\SYSTEM32\cfgmgr32.dll
0x00007ff8fb8e0000 - 0x00007ff8fb90b000 	C:\WINDOWS\SYSTEM32\dwmapi.dll
0x00007ff8ee690000 - 0x00007ff8ee891000 	C:\WINDOWS\SYSTEM32\inputhost.dll
0x00007ff8fb1c0000 - 0x00007ff8fb2f3000 	C:\WINDOWS\SYSTEM32\CoreMessaging.dll
0x00007ff8fb6b0000 - 0x00007ff8fb75b000 	C:\WINDOWS\system32\uxtheme.dll
0x00007ff8fdef0000 - 0x00007ff8fdefc000 	C:\WINDOWS\SYSTEM32\CRYPTBASE.DLL
0x00007ff900bc0000 - 0x00007ff900cde000 	C:\WINDOWS\System32\MSCTF.dll
0x00007ff8d9340000 - 0x00007ff8d9440000 	C:\WINDOWS\SYSTEM32\opengl32.dll
0x00007ff8d86f0000 - 0x00007ff8d871d000 	C:\WINDOWS\SYSTEM32\GLU32.dll
0x00007ff8fb790000 - 0x00007ff8fb7c6000 	C:\WINDOWS\SYSTEM32\dxcore.dll
0x00007ff8f6b70000 - 0x00007ff8f6bb8000 	C:\WINDOWS\SYSTEM32\directxdatabasehelper.dll
0x00007ff8ff6c0000 - 0x00007ff8ff770000 	C:\WINDOWS\System32\clbcatq.dll
0x00007ff85ee90000 - 0x00007ff85ffbc000 	C:\WINDOWS\System32\DriverStore\FileRepository\iigd_dch.inf_amd64_2ec86af404806919\igxelpicd64.dll
0x00007ff8ff4a0000 - 0x00007ff8ff63c000 	C:\WINDOWS\System32\ole32.dll
0x00007ff8fb7d0000 - 0x00007ff8fb8c6000 	C:\WINDOWS\system32\dxgi.dll
0x00007ff86c3d0000 - 0x00007ff86c51f000 	C:\WINDOWS\System32\DriverStore\FileRepository\iigd_dch.inf_amd64_2ec86af404806919\igdml64.dll
0x00007ff8f0460000 - 0x00007ff8f0835000 	C:\WINDOWS\System32\DriverStore\FileRepository\iigd_dch.inf_amd64_2ec86af404806919\igdgmm64.dll
0x00007ff8fe7d0000 - 0x00007ff8fe83b000 	C:\WINDOWS\System32\WINTRUST.dll
0x00007ff8fec70000 - 0x00007ff8fedd7000 	C:\WINDOWS\System32\CRYPT32.dll
0x00007ff8fe000000 - 0x00007ff8fe012000 	C:\WINDOWS\SYSTEM32\MSASN1.dll
0x00007ff8e81b0000 - 0x00007ff8ec016000 	C:\WINDOWS\System32\DriverStore\FileRepository\iigd_dch.inf_amd64_2ec86af404806919\igc64.dll
0x00007ff8fd5a0000 - 0x00007ff8fd5ed000 	C:\WINDOWS\SYSTEM32\powrprof.dll
0x00007ff8fd580000 - 0x00007ff8fd593000 	C:\WINDOWS\SYSTEM32\UMPDC.dll
0x00007ff8b5e60000 - 0x00007ff8b5ebd000 	C:\Users\sdteo\AppData\Local\Temp\lwjglsdteo\3.3.1-1.86.10\lwjgl_opengl.dll
0x00007ff8df390000 - 0x00007ff8df3a0000 	C:\Program Files\Java\jdk-18.0.2.1\bin\verify.dll
0x00007ff8efab0000 - 0x00007ff8efbdd000 	C:\WINDOWS\SYSTEM32\textinputframework.dll
0x00007ff8f5d00000 - 0x00007ff8f606c000 	C:\WINDOWS\SYSTEM32\CoreUIComponents.dll
0x00007ff8e1270000 - 0x00007ff8e12d9000 	C:\WINDOWS\system32\Oleacc.dll

dbghelp: loaded successfully - version: 4.0.5 - missing functions: none
symbol engine: initialized successfully - sym options: 0x614 - pdb path: .;C:\Program Files\Java\jdk-18.0.2.1\bin;C:\WINDOWS\SYSTEM32;C:\WINDOWS\WinSxS\amd64_microsoft.windows.common-controls_6595b64144ccf1df_6.0.22621.1635_none_270f70857386168e;C:\Program Files (x86)\360\Total Security\safemon;C:\Program Files\Java\jdk-18.0.2.1\bin\server;C:\Users\sdteo\AppData\Local\Temp\lwjglsdteo\3.3.1-1.86.10;C:\WINDOWS\System32\DriverStore\FileRepository\iigd_dch.inf_amd64_2ec86af404806919

VM Arguments:
jvm_args: -Dfile.encoding=windows-31j -Duser.country=US -Duser.language=en -Duser.variant 
java_command: Main
java_class_path (initial): S:\Documents\w\2023@O\vO~OKQ\build\classes\java\main;S:\Documents\w\2023@O\vO~OKQ\build\resources\main;S:\Documents\w\2023@O\vO~OKQ\libs\core.jar;S:\Documents\w\2023@O\vO~OKQ\libs\imgui-app-1.86.10-all.jar;S:\Documents\w\2023@O\vO~OKQ\libs\imgui-app-1.86.10-javadoc.jar;S:\Documents\w\2023@O\vO~OKQ\libs\imgui-app-1.86.10-sources.jar;S:\Documents\w\2023@O\vO~OKQ\libs\imgui-app-1.86.10.jar;S:\Documents\w\2023@O\vO~OKQ\libs\imgui-binding-1.86.10-javadoc.jar;S:\Documents\w\2023@O\vO~OKQ\libs\imgui-binding-1.86.10-sources.jar;S:\Documents\w\2023@O\vO~OKQ\libs\imgui-binding-1.86.10.jar;S:\Documents\w\2023@O\vO~OKQ\libs\jackson-core-2.14.2.jar;S:\Documents\w\2023@O\vO~OKQ\libs\jackson-databind-2.15.1.jar;S:\Documents\w\2023@O\vO~OKQ\libs\joml-1.10.5-javadoc.jar;S:\Documents\w\2023@O\vO~OKQ\libs\joml-1.10.5-sources.jar;S:\Documents\w\2023@O\vO~OKQ\libs\joml-1.10.5.jar;S:\Documents\w\2023@O\vO~OKQ\libs\lwjgl-assimp-javadoc.jar;S:\Documents\w\2023@O\vO~OKQ\libs\lwjgl-assimp-natives-macos.jar;S:\Documents\w\2023@O\vO~OKQ\libs\lwjgl-assimp-natives-windows.jar;S:\Documents\w\2023@O\vO~OKQ\libs\lwjgl-assimp-sources.jar;S:\Documents\w\2023@O\vO~OKQ\libs\lwjgl-assimp.jar;S:\Documents\w\2023@O\vO~OKQ\libs\lwjgl-glfw-javadoc.jar;S:\Documents\w\2023@O\vO~OKQ\libs\lwjgl-glfw-natives-macos.jar;S:\Documents\w\2023@O\vO~OKQ\libs\lwjgl-glfw-natives-windows.jar;S:\Documents\w\2023@O\vO~OKQ\libs\lwjgl-glfw-sources.jar;S:\Documents\w\2023@O\vO~OKQ\libs\lwjgl-glfw.jar;S:\Documents\w\2023@O\vO~OKQ\libs\lwjgl-javadoc.jar;S:\Documents\w\2023@O\vO~OKQ\libs\lwjgl-natives-macos.jar;S:\Documents\w\2023@O\vO~OKQ\libs\lwjgl-natives-windows.jar;S:\Documents\w\2023@O\vO~OKQ\libs\lwjgl-openal-javadoc.jar;S:\Documents\w\2023@O\vO~OKQ\libs\lwjgl-openal-natives-macos.jar;S:\Documents\w\2023@O\vO~OKQ\libs\lwjgl-openal-natives-windows.jar;S:\Documents\w\2023@O\vO~OKQ\libs\lwjgl-openal-sources.jar;S:\Documents\w\2023@O\vO~OKQ\libs\lwjgl-openal.jar;S:\Documents\w\2023@O\vO~OKQ\libs\lwjgl-opengl-javadoc.jar;S:\Documents\w\2023@O\vO~OKQ\libs\lwjgl-opengl-natives-macos.jar;S:\Documents\w\2023@O\vO~OKQ\libs\lwjgl-opengl-natives-windows.jar;S:\Documents\w\2023@O\vO~OKQ\libs\lwjgl-opengl-sources.jar;S:\Documents\w\2023@O\vO~OKQ\libs\lwjgl-opengl.jar;S:\Documents\w\2023@O\vO~OKQ\libs\lwjgl-sources.jar;S:\Documents\w\2023@O\vO~OKQ\libs\lwjgl-stb-javadoc.jar;S:\Documents\w\2023@O\vO~OKQ\libs\lwjgl-stb-natives-macos.jar;S:\Documents\w\2023@O\vO~OKQ\libs\lwjgl-stb-natives-windows.jar;S:\Documents\w\2023@O\vO~OKQ\libs\lwjgl-stb-sources.jar;S:\Documents\w\2023@O\vO~OKQ\libs\lwjgl-stb.jar;S:\Documents\w\2023@O\vO~OKQ\libs\lwjgl-tinyfd-javadoc.jar;S:\Documents\w\2023@O\vO~OKQ\libs\lwjgl-tinyfd-natives-macos.jar;S:\Documents\w\2023@O\vO~OKQ\libs\lwjgl-tinyfd-natives-windows.jar;S:\Documents\w\2023@O\vO~OKQ\libs\lwjgl-tinyfd-sources.jar;S:\Documents\w\2023@O\vO~OKQ\libs\lwjgl-tinyfd.jar;S:\Documents\w\2023@O\vO~OKQ\libs\lwjgl.jar;C:\Users\sdteo\.gradle\caches\modules-2\files-2.1\io.github.spair\imgui-java-lwjgl3\1.86.10\c48959a4337d5043840cda8c010bb387d0ef2c36\imgui-java-lwjgl3-1.86.10.jar;C:\Users\sdteo\.gradle\caches\modules-2\files-2.1\io.github.spair\imgui-java-binding\1.86.10\7f746c4f0afabac30aeb76907765a5893c48cdac\imgui-java-binding-1.86.10.jar;C:\Users\sdteo\.gradle\caches\modules-2\files-2.1\io.github.spair\imgui-java-natives-windows\1.86.10\89acf6ceff6de4e4fdb14ba8d0cab17d18004557\imgui-java-natives-windows-1.86.10.jar;C:\Users\sdteo\.gradle\caches\modules-2\files-2.1\org.lwjgl\lwjgl-assimp\3.3.2\e5238c13abef6b0fd6e1b4320d3c8cd0c10bfe61\lwjgl-assimp-3.3.2.jar;C:\Users\sdteo\.gradle\caches\modules-2\files-2.1\org.lwjgl\lwjgl-assimp\3.3.2\54edbc8767bde24b73187c229dbd552228230c8a\lwjgl-assimp-3.3.2-natives-windows.jar;C:\Users\sdteo\.gradle\caches\modules-2\files-2.1\org.lwjgl\lwjgl-glfw\3.3.2\757920418805fb90bfebb3d46b1d9e7669fca2eb\lwjgl-glfw-3.3.2.jar;C:\Users\sdteo\.gradle\caches\modules-2\files-2.1\org.lwjgl\lwjgl-glfw\3.3.2\1251e3cb7e5d6159334cfb9244f789ce992f03b\lwjgl-glfw-3.3.2-natives-windows.jar;C:\Users\sdteo\.gradle\caches\modules-2\files-2.1\org.lwjgl\lwjgl-openal\3.3.2\ae5357ed6d934546d3533993ea84c0cfb75eed95\lwjgl-openal-3.3.2.jar;C:\Users\sdteo\.gradle\caches\modules-2\files-2.1\org.lwjgl\lwjgl-openal\3.3.2\e74f299a602192faaf14b917632e4cbbb493c940\lwjgl-openal-3.3.2-natives-windows.jar;C:\Users\sdteo\.gradle\caches\modules-2\files-2.1\org.lwjgl\lwjgl-opengl\3.3.2\ee8e95be0b438602038bc1f02dc5e3d011b1b216\lwjgl-opengl-3.3.2.jar;C:\Users\sdteo\.gradle\caches\modules-2\files-2.1\org.lwjgl\lwjgl-opengl\3.3.2\83cd34469d4e0bc335bf74c7f62206530a9480bf\lwjgl-opengl-3.3.2-natives-windows.jar;C:\Users\sdteo\.gradle\caches\modules-2\files-2.1\org.lwjgl\lwjgl-stb\3.3.2\a2550795014d622b686e9caac50b14baa87d2c70\lwjgl-stb-3.3.2.jar;C:\Users\sdteo\.gradle\caches\modules-2\files-2.1\org.lwjgl\lwjgl-stb\3.3.2\1c4f4b8353bdb78c5264ab921436f03fc9aa1ba5\lwjgl-stb-3.3.2-natives-windows.jar;C:\Users\sdteo\.gradle\caches\modules-2\files-2.1\org.lwjgl\lwjgl-tinyfd\3.3.2\9f65c248dd77934105274fcf8351abb75b34327c\lwjgl-tinyfd-3.3.2.jar;C:\Users\sdteo\.gradle\caches\modules-2\files-2.1\org.lwjgl\lwjgl-tinyfd\3.3.2\54a93ed247d20007a6f579355263fdc2c030753a\lwjgl-tinyfd-3.3.2-natives-windows.jar;C:\Users\sdteo\.gradle\caches\modules-2\files-2.1\org.lwjgl\lwjgl\3.3.2\4421d94af68e35dcaa31737a6fc59136a1e61b94\lwjgl-3.3.2.jar;C:\Users\sdteo\.gradle\caches\modules-2\files-2.1\org.lwjgl\lwjgl\3.3.2\a55169ced70ffcd15f2162daf4a9c968578f6cd5\lwjgl-3.3.2-natives-windows.jar;C:\Users\sdteo\.gradle\caches\modules-2\files-2.1\org.joml\joml\1.10.5\22566d58af70ad3d72308bab63b8339906deb649\joml-1.10.5.jar;C:\Users\sdteo\.gradle\caches\modules-2\files-2.1\com.fasterxml.jackson.core\jackson-annotations\2.15.1\92a90d3739e970e03b5971839e4fe51f13c1fa3\jackson-annotations-2.15.1.jar;C:\Users\sdteo\.gradle\caches\modules-2\files-2.1\com.fasterxml.jackson.core\jackson-databind\2.15.1\ac9ba74d208faf356e4719a49e59c6ea9237c01d\jackson-databind-2.15.1.jar;C:\Users\sdteo\.gradle\caches\modules-2\files-2.1\com.fasterxml.jackson.core\jackson-core\2.15.1\241c054ba8503de092a12acad9f083dd39935cc0\jackson-core-2.15.1.jar
Launcher Type: SUN_STANDARD

[Global flags]
     intx CICompilerCount                          = 4                                         {product} {ergonomic}
     uint ConcGCThreads                            = 2                                         {product} {ergonomic}
     uint G1ConcRefinementThreads                  = 8                                         {product} {ergonomic}
   size_t G1HeapRegionSize                         = 2097152                                   {product} {ergonomic}
    uintx GCDrainStackTargetSize                   = 64                                        {product} {ergonomic}
   size_t InitialHeapSize                          = 264241152                                 {product} {ergonomic}
   size_t MarkStackSize                            = 4194304                                   {product} {ergonomic}
   size_t MaxHeapSize                              = 4215275520                                {product} {ergonomic}
   size_t MaxNewSize                               = 2529165312                                {product} {ergonomic}
   size_t MinHeapDeltaBytes                        = 2097152                                   {product} {ergonomic}
   size_t MinHeapSize                              = 8388608                                   {product} {ergonomic}
    uintx NonNMethodCodeHeapSize                   = 5839372                                {pd product} {ergonomic}
    uintx NonProfiledCodeHeapSize                  = 122909434                              {pd product} {ergonomic}
    uintx ProfiledCodeHeapSize                     = 122909434                              {pd product} {ergonomic}
    uintx ReservedCodeCacheSize                    = 251658240                              {pd product} {ergonomic}
     bool SegmentedCodeCache                       = true                                      {product} {ergonomic}
   size_t SoftMaxHeapSize                          = 4215275520                             {manageable} {ergonomic}
     bool UseCompressedClassPointers               = true                           {product lp64_product} {ergonomic}
     bool UseCompressedOops                        = true                           {product lp64_product} {ergonomic}
     bool UseG1GC                                  = true                                      {product} {ergonomic}
     bool UseLargePagesIndividualAllocation        = false                                  {pd product} {ergonomic}

Logging:
Log output configuration:
 #0: stdout all=warning uptime,level,tags foldmultilines=false
 #1: stderr all=off uptime,level,tags foldmultilines=false

Environment Variables:
JAVA_HOME=C:\Program Files\Java\jdk-19
PATH=C:\Users\sdteo\Scripts\;C:\Users\sdteo\;C:\Program Files\Common Files\Oracle\Java\javapath;C:\WINDOWS\system32;C:\WINDOWS;C:\WINDOWS\System32\Wbem;C:\WINDOWS\System32\WindowsPowerShell\v1.0\;C:\WINDOWS\System32\OpenSSH\;C:\Users\sdteo\AppData\Roaming\nvm;C:\Program Files\nodejs;C:\Windows\System32\WindowsPowerShell\v1.0;C:\ProgramData\chocolatey\bin;C:\Program Files\7-Zip\7z.exe;C:\Program Files\NVIDIA Corporation\NVIDIA NvDLISR;C:\Program Files (x86)\NVIDIA Corporation\PhysX\Common;C:\Program Files\dotnet\;C:\Program Files\CMake\bin;C:\Program Files\Git\cmd;C:\apache-ant-1.9.16\bin;C:\Gradle\bin;C:\apache-maven-3.9.2\bin;C:\Ruby32-x64\bin;C:\Users\sdteo\Scripts\;C:\Users\sdteo\;C:\Program Files\Common Files\Oracle\Java\javapath;C:\WINDOWS\system32;C:\WINDOWS;C:\WINDOWS\System32\Wbem;C:\WINDOWS\System32\WindowsPowerShell\v1.0\;C:\WINDOWS\System32\OpenSSH\;C:\Users\sdteo\AppData\Roaming\nvm;C:\Program Files\nodejs;C:\Windows\System32\WindowsPowerShell\v1.0;C:\ProgramData\chocolatey\bin;C:\Program Files\7-Zip\7z.exe;C:\Program Files\NVIDIA Corporation\NVIDIA NvDLISR;C:\Program Files (x86)\NVIDIA Corporation\PhysX\Common;C:\Program Files\dotnet\;C:\Program Files\CMake\bin;C:\Program Files\Git\cmd;C:\apache-ant-1.9.16\bin;C:\Gradle\bin;C:\apache-maven-3.9.2\bin;;C:\Program Files\7-Zip;C:\msys64\mingw64\bin;C:\Users\sdteo\AppData\Local\Programs\Microsoft VS Code\bin;C:\Users\sdteo\AppData\Roaming\Microsoft\Windows\Start Menu\Programs\Netwide Assembler 2.16.01;C:\Program Files\Java\jdk-19\bin;C:\tools\neovim\nvim-win64\bin;S:\Desktop\processing-4.2;C:\Users\sdteo\.dotnet\tools;C:\ProgramData\Microsoft\Windows\Start Menu\Programs\CMake;S:\Shader\glslang\BUILD\install\bin;
USERNAME=sdteo
OS=Windows_NT
PROCESSOR_IDENTIFIER=Intel64 Family 6 Model 140 Stepping 1, GenuineIntel



---------------  S Y S T E M  ---------------

OS:
 Windows 11 , 64 bit Build 22621 (10.0.22621.1635)
OS uptime: 1 days 0:52 hours
Hyper-V role detected

CPU: total 8 (initial active 8) (4 cores per cpu, 2 threads per core) family 6 model 140 stepping 1 microcode 0xa4, cx8, cmov, fxsr, ht, mmx, 3dnowpref, sse, sse2, sse3, ssse3, sse4.1, sse4.2, popcnt, lzcnt, tsc, tscinvbit, avx, avx2, aes, erms, clmul, bmi1, bmi2, adx, avx512f, avx512dq, avx512cd, avx512bw, avx512vl, sha, fma, vzeroupper, avx512_vpopcntdq, avx512_vpclmulqdq, avx512_vaes, avx512_vnni, clflush, clflushopt, clwb, avx512_vbmi2, avx512_vbmi, hv

Memory: 4k page, system-wide physical 16075M (6184M free)
TotalPageFile size 20427M (AvailPageFile size 5730M)
current process WorkingSet (physical memory assigned to process): 169M, peak: 169M
current process commit charge ("private bytes"): 412M, peak: 412M

vm_info: Java HotSpot(TM) 64-Bit Server VM (18.0.2.1+1-1) for windows-amd64 JRE (18.0.2.1+1-1), built on Aug 16 2022 01:46:33 by "mach5one" with MS VC++ 16.8 / 16.9 (VS2019)

END.
